3
1
1
3
511
63
8191
255
1
0
127
16383
31
63
15
31
0
3
7
511
1
31
3
511
15
16383
7
3
3
63
0
511
1
127
1023
32767
7
3
63
8191
0
1
536870911
4095
524287
524287
2147483647
0
16777215
0
68719476735
1
16383
3
36028797018963967
2147483647
4294967295
31
17179869183
1
3
3
0
1
1
1
0
0
137438953471
0
67108863
1152921504606846975
0
0
2147483647
268435455
0
3
0
0
0
1048575
0
127
0
0
0
0
0
255
1
34359738367
32767
8589934591
262143
1
0
3
3
1
8589934591
1
0
7
0
0
2047
1
0
511
17592186044415
1
31
1
1
0
8191
0
0
0
1099511627775
3
0
4294967295
3
34359738367
68719476735
0
67108863
0
0
7
274877906943
8191
31
1
1
0
0
0
3
4095
0
0
0
0
0
255
0
0
0
0
7
68719476735
0
8191
0
3
1
0
0
0
68719476735
255
0
1
2097151
3
0
2147483647
1
3
0
0
0
3
0
1073741823
0
8796093022207
0
511
1152921504606846975
3
0
0
0
0
536870911
549755813887
3
1
16777215
0
0
63
0
131071
134217727
0
0
1
1
0
144115188075855871
262143
34359738367
0
1
15
0
0
1152921504606846975
0
3
0
127
2199023255551
0
274877906943
68719476735
524287
7
1
0
3
0
0
34359738367
8191
0
1
8796093022207
0
2047
1048575
0
140737488355327
1048575
0
4095
4194303
0
0
274877906943
0
2097151
0
0
0
0
1073741823
33554431
0
1125899906842623
1152921504606846975
1
0
1
1152921504606846975
0
0
268435455
0
0
1
65535
0
3
0
63
65535
1152921504606846975
1
36028797018963967
17179869183
15
67108863
0
0
262143
0
4194303
0
3
0
134217727
16383
0
2199023255551
1
0
3
536870911
0
281474976710655
1
3
549755813887
0
0
1
3
0
562949953421311
3
63
0
524287
1048575
1
2097151
1
1073741823
0
0
0
0
0
1
0
33554431
0
2199023255551
3
0
65535
0
1
0
1073741823
0
1
0
0
1
0
0
3
0
0
1
0
0
67108863
1
2047
15
8388607
549755813887
1
0
3
15
1
524287
15
1
4095
0
1
3
63
0
0
1
262143
3
127
0
7
0
3
0
274877906943
17592186044415
549755813887
0
524287
137438953471
33554431
0
0
0
0
3
1
0
31
1
1
0
0
0
127
1
255
2251799813685247
0
1048575
0
0
68719476735
255
0
0
549755813887
3
1
0
1099511627775
0
1073741823
1
1073741823
0
7
137438953471
0
0
0
1
0
3
7
1
7
0
0
0
3
1
0
0
1
33554431
0
1
2251799813685247
1
1
0
0
0
3
137438953471
1
0
17179869183
3
1099511627775
0
16383
0
1
2199023255551
0
0
2047
1048575
0
0
3
4194303
0
0
0
0
7
0
1
7
3
4194303
0
0
0
2097151
0
8191
0
7
0
0
274877906943
18014398509481983
1
1
0
1023
0
31
3
0
131071
1
33554431
0
2199023255551
8388607
