1
4
12
40
120
377
1176
3672
11440
35689
111312
347170
1082744
3376960
10532277
32848693
102450432
319528744
996565680
108149517
693885544
233879872
295262446
93796542
237611036
736422774
238663986
220342719
226470877
515589184
203742465
768498933
882164487
356143542
636482801
974546902
427806270
511348560
692511395
958685878
260384770
774486485
858554660
394693687
619384739
506256457
753120088
755702633
855001300
352555312
200709588
374579899
649679447
656473525
908737469
775501604
774610397
85983728
884269377
51879430
421506023
352747342
79328704
41537401
483473018
111582824
658765498
119008109
277310851
6233668
76582847
33713169
992422948
822494136
751950530
477003669
228279051
934329948
992431250
453262280
187378296
419646852
725572595
14391717
458944388
315954953
267533374
651011143
100495409
626217630
388951230
144081855
527856442
821536259
346174628
967059826
697915770
349504952
728469822
702479693
74462412
61050021
48338314
318902580
700320015
964761425
15883469
117659989
209575099
762450740
704580113
816084511
995724799
616323111
283755116
13659378
946673573
495569852
878822415
442521695
638619960
290664170
959569909
882176620
861246120
325397399
122411306
434101487
620543497
337099697
381162152
761033227
683392093
844739436
477786960
556245554
43341160
146502463
366187497
492388349
140050557
482817152
908439411
266021101
829883034
84819767
916205241
670124172
474227353
29284708
912718548
300525890
464987134
736241821
156102094
331778441
803198730
929823299
397780693
345581254
679565337
231667550
725926450
32745419
481740646
444810290
394992875
499701479
137133283
732490059
161282676
500193199
270989128
501742828
807263948
585382936
139839448
192634968
157010657
905626127
828415655
561673922
611725354
660064858
250908986
749917234
681735420
506983350
532923888
432115852
607780030
53426500
263023287
449106095
519391732
837846471
684859749
1533665
179171204
403857545
395521230
102695076
144380888
253696530
492552519
730266765
537696658
232032143
513403929
595521001
924527590
896707821
663029987
387904581
238259729
876059062
619583475
77070252
150353065
402640785
20638021
416320358
641641101
751222374
293350371
206985840
294240059
290494548
325195522
757250278
614302116
959640760
736673746
24956927
8703065
459518572
75087471
407574654
633836777
176405580
305588559
350565569
894025654
634654349
965998202
858674178
96640875
271653782
692491628
82693678
441198014
759674213
120648188
370842935
87857489
418357478
435982914
50223850
675996716
798357634
526368374
23837486
750566610
554529132
282141318
875492688
90976091
483015242
648461900
40254644
241805067
615704315
587317184
436454879
931132191
698502111
998879978
245465567
542317031
555675106
601622864
69240041
298516923
817711186
428250945
138031414
702057627
604736282
731008420
67830424
202120413
445400820
799297928
712402128
307528917
726182462
742893408
491198461
97401979
18721920
833182349
616744034
501216997
795652679
845007898
960293693
127534628
147680398
877015483
670582541
102165622
413092222
622883667
898088691
368287171
235213475
222533270
290099531
275883338
19591643
598475358
25892460
812447835
959782411
678665147
207262085
149380938
3772059
500801025
140721771
649242430
24776535
710951003
978681327
377594877
601559641
190258698
326137277
345998898
206786238
831086346
203484516
772095910
665910445
809280655
523795221
629265660
331345469
927125146
206522162
633633801
800349519
149569605
105501287
801734572
213885351
78906858
12742172
584109205
972149516
779016923
8694585
182392910
519970088
458779519
678469633
457835937
689370824
957103150
379504587
266899495
430068660
535726810
365137963
410013620
634266262
745170326
944184289
880102376
21180262
853591196
137860538
345494529
772995906
769190526
846342183
869462303
300016232
945322328
732110618
772301958
613766613
772026152
173093090
968228254
689648186
245025670
699520338
497322136
241170437
204330669
428717568
639338211
936826718
138739631
992137042
343650100
918974376
72815975
456244095
574115110
560375619
879594967
931418023
846661714
285220207
706991894
360811798
845278736
413706531
562933675
474320944
134905285
554131315
568472979
488118774
525476169
871268720
962572456
290409308
212553017
864427523
742689954
815131055
277391188
972995669
419362639
941538069
387777545
993941561
720725436
614957060
310265574
210118243
907295247
830938018
935463595
57374036
807375074
431220995
355069661
730395647
705572892
797259677
600644886
20686163
265436407
300963030
940098782
700636311
399680785
511925715
13511553
102762505
346712014
345268854
653831864
798496238
220290633
275081965
614879366
142585339
615953814
314403708
712431057
440971303
172474974
457199877
486952401
855515390
548848881
956758973
163600834
30532241
347376686
311881860
333160764
218442420
700396969
634425671
567524586
978485073
41661792
353380475
669740118
296648633
341810711
692117696
836131694
459827723
122122825
298865761
768330383
658174391
756689660
454681775
236840848
993297614
740573726
895938618
906121070
960839536
163378226
90832967
382705412
920004085
906189507
629055559
538594287
396253376
644630659
727159307
324966262
455361805
556739007
819537506
211630908
381792628
963501112
998563775
27563588
660900038
764720622
709180740
600444200
299809833
843101403
403092582
587297336
287842118
129401083
426891920
936399579
752761510
591861323
257678828
892511187
858124619
860287669
459359458
182349088
543549216
20478485
97217049
510162388
424953564
327528789
7692437
610203612
803379061
237816754
975490262
243777163
407451697
363370053
688212246
736006800
968795939
491782715
198421856
924982479
51503632
23419258
340822657
599287404
26078898
212198655
568332860
182074077
327265600
70572373
738093088
123577352
360627016
314107246
577252523
657053589
382387640
331081881
538066219
48010626
325607901
90933363
801152824
49906431
646690348
984427883
809339136
869920767
958719448
246956058
350722000
199245340
576520620
145349518
717801388
372597420
647890820
676824670
549074739
683831546
811993948
329983442
223331842
28010150
710546229
736217057
558608461
385258459
168968922
961104
207272920
555235522
924909952
371800482
592655276
935018340
616622399
213695674
259153484
764099536
122548809
142528556
340447633
584305427
161877765
665774521
531307826
112359700
342845958
384516698
9379686
47869622
680285533
818203087
860568441
758181760
716028203
200937364
561225515
963380923
152822969
540320254
330505086
622519138
150957245
933954018
996099701
672500185
433256444
393825775
445562581
922896924
822487182
786444125
187451219
320263156
465905653
507270660
516120595
405090560
770957332
708085191
644494633
614553076
608428103
46440320
680731812
442426492
447963464
661399136
141052552
456623054
199199217
318564085
704242758
300926453
287308826
117485369
224648451
497257469
111971113
335621439
664471694
471876491
440166560
2308345
591522914
835391103
753230833
58045460
733718450
967307789
406053636
360558459
369058117
416200716
122765630
532522480
417588629
381815563
608496872
18386703
862537809
136803921
507175409
384736437
602057613
774504463
849284371
536199424
283038762
287026150
644885606
473756250
676533234
245931642
61551511
444105349
905042135
707692478
63774594
91179527
208585764
371923804
477326743
946731751
995469174
970731912
766261187
618299134
165814451
306571798
179609163
482208221
692268756
621639951
26279620
156020
534675640
231141523
832771376
594293817
416141705
192496058
532011388
463962784
367945700
524339164
851588080
295962177
580616108
436160783
599297191
200886564
656388378
855240753
373331149
829271394
821267226
686982803
87191416
28614490
625190356
525297988
203911567
126853414
708710328
739268826
627285614
391350208
375101556
671504769
511068849
63637475
918365001
230457757
281968875
494886227
364382905
742396466
522306568
270772888
805947149
538942099
712995239
259192809
225386955
464813530
974824166
510200861
731397722
65417977
183167957
205338468
975175821
417438497
425816741
851798438
541855447
844625047
420779123
537319423
13256643
272008652
128900486
397703828
407665153
164793230
620796298
192407825
182979648
928663179
618534937
633591596
594459694
682528233
300630113
103542315
807426742
521343989
385373413
612175130
168102976
198224093
225569845
403760786
617052882
413203208
272210548
183133455
226272837
212636192
11070139
164310080
589310674
458371794
55402517
552609934
80874463
10650698
139433931
919114549
501959981
783701278
404957685
179091600
523730065
548928284
427364891
816729354
132161355
953348875
956606675
143508550
423558950
366181375
187239021
290470207
844022754
966519566
789831366
991511612
738098220
751129583
57291589
304012456
981640046
512997324
900913470
855696159
497543669
297496084
795854189
647278534
983654593
626965642
99185174
495956410
297882028
605030513
10172287
136819084
758210074
825810098
901462055
639090511
462254646
144060479
654413339
638663135
542930537
709068210
425247146
319583228
958188242
218992399
843951029
848499864
109028381
209510024
822209803
264864092
144645206
458071245
56838693
894138527
230759122
90733936
437779165
127495662
368430967
827437452
83434922
398652303
888295484
272504989
962777875
501661823
289227134
549874554
756639560
335015369
865274050
26321177
901605653
937557173
788755214
495374528
783580882
118118077
493744563
675665008
891509202
676985812
158057964
354231765
271270999
232909811
451910675
174795184
575695379
398480556
770386749
744799484
294817654
932012493
82357758
273279233
404453622
833986219
228139237
588284230
979044916
355045032
119889833
787501870
136402861
215980998
634541200
474827174
990634550
350096471
22256581
523838827
327938059
470151282
818717663
577199303
297150951
159715391
968366234
68497659
501135929
696099887
991803806
599921910
103511766
86823477
673817076
564156627
72315914
762779484
559829676
196440713
337230827
608226966
67754296
828827381
17882091
676856088
157106659
427147918
565349352
808323868
881278197
260461163
171910539
269778115
340315948
579901348
973203350
898919173
801394119
791062414
723877769
193099816
500125463
55980885
734888594
449013537
179142697
440618795
419341401
664224612
561788502
651047245
347666094
846232443
153202721
770498890
612485238
89144735
248416338
972821897
789480418
87798752
850311942
105516421
196388322
478827988
571172559
247220228
487111912
240070384
234260875
481287128
56734397
26512245
737003117
792027936
878773177
447921611
67158502
146498782
254646040
647780477
786971635
493936027
531941421
599275491
530650941
607093044
486827408
715364122
116299588
858163306
49135771
55021107
643772600
362450574
553198597
803396493
470894956
359596483
796346582
606485332
58852145
133358264
693488263
858657039
457332229
266159050
561334530
682460468
184969225
320099842
570370219
258962661
798610702
404898911
503420416
148402164
256357012
76023581
151021452
926293800
486735356
493967916
727291154
151610551
647593542
271877301
858666963
811814341
723349449
720544933
921913073
744466703
719785013
430608325
510630280
39397679
850344496
339559008
910501016
35585964
990926735
160319077
211230369
584589593
461057161
432185031
200766560
858446795
809253735
449693947
276952031
249531956
861173415
127914313
919804577
385083924
451255999
927938243
61891324
539995614
176176590
947560693
212463313
172521881
770636773
952440129
686601080
764194251
127115440
335342587
25613495
434514385
238973475
693430745
342248547
573544187
771692067
630211340
411124623
305356845
7452552
422713490
257922352
99812420
708243350
914359386
52466932
590924797
249737767
637843699
413319604
944594263
358479678
213625291
827210461
40986108
501804831
381537229
287773701
48290292
186881197
568270531
886150495
944524405
234355877
790493361
207013302
872135864
532756482
546094143
676334423
533738295
906350026
339307433
749199787
504723066
324073099
383625512
876691473
600001652
636869215
453637063
213895783
746005114
200112823
8102486
665376722
648937396
611667527
137710186
662037327
264725956
177105129
384233534
532165891
163705293
839940678
242475919
558917906
787867784
152634121
539911800
167985652
397065605
46719505
680983103
809165289
601471200
382439964
379687027
439110289
379606611
645467379
1185101
2477457
791105217
901145073
722988080
662699238
622554820
491015547
67606600
701165859
148661904
357326139
198219981
130627702
686558670
392774069
529263910
842127850
278257437
756102543
551078091
224010570
563904421
394247331
316481065
826173936
117727815
253514464
450403367
697853678
637361288
219776907
973108263
135389944
962375645
720079933
544273260
248909355
269054697
742791224
303855402
356409871
100513447
673927625
869405327
668918780
960459981
219176013
446739995
576924249
340134595
142917545
578766811
741051467
454519157
893768745
499934902
601531814
195110993
303344340
147938722
204161658
684544222
113169436
28691140
790949414
267716327
386216526
833537063
55036065
636832638
282733364
461817227
182545361
853011178
418156043
143358925
968037764
662387092
449106210
346642567
686403186
905768953
483511580
901323626
552283553
906760763
733877651
480430647
610937807
881500182
576658782
201915329
967736009
392396219
631395863
821379101
727788164
967348544
349384223
675678743
764939915
939136240
677295021
809475144
165918421
518426709
375317439
965387039
644049318
413305181
982688497
144736629
834972813
479647723
733805821
601435221
670186751
124401669
73837730
775375718
614784778
322218227
832343170
501410757
660774221
66737707
309168530
107742585
59975253
971903697
550923537
49649834
483799040
116991005
953147456
304272388
541309414
696438677
203207043
624452826
626208662
581500279
441330321
578487508
845338089
501997681
961092341
478869249
101603640
132423000
579344452
611983993
660232631
500572764
637046324
60548708
467619551
497305363
797572044
157590644
276348039
734328553
933542399
534951172
917390864
239520815
526883462
882365936
54192649
785186450
116945668
430106375
876350567
477424745
934112958
58393607
704964078
260597936
873733235
282789577
602033842
687143501
935798394
334933826
197197063
817864886
972695593
367183258
501235772
763472881
803563789
138833282
320992243
624010755
989501920
972304336
643606876
894266548
413561113
830958121
520310187
418231113
791676231
178469614
937285573
612077618
558726458
383064908
159052857
182316676
40029920
60513671
141158140
805873867
848061628
979975302
224522753
865656116
255793111
920747339
237126051
12708768
784932529
977000894
263949350
397002
369231777
451041970
623669929
273871986
761397592
598653096
746188952
762500367
653155148
773440501
553965846
259723703
647480410
157643584
812839746
556704739
809496249
495485280
896329953
994598609
238710270
367856246
8971850
127424175
610868761
920412015
328611511
50394872
954661093
595754569
892875954
584427204
492224795
485384739
325071281
619399821
795119538
654799767
907433716
948048965
946299412
728065672
182281028
501297475
23635131
51600801
614000009
600790960
919990963
52859318
419777957
603037387
700020099
848243049
224885587
829872693
876848531
64944293
523300225
997461090
940979026
72818640
750019369
791476098
524299714
569901685
43347933
138019238
727754487
766015917
605941702
322682958
433345814
597901892
956627968
995725722
399228839
380189250
227240934
513290629
966932961
26385609
150378235
290801527
911202783
419699733
927764543
398283329
913503263
76728446
589034419
795875191
330417745
705741165
524656700
662726477
586714793
521900806
938067882
105946896
977954248
186820452
741498311
649875377
188512717
193619137
567738524
124189232
178565880
67416133
722774198
617298950
187799855
549748686
781012142
733697199
260589473
119704272
957991320
333276445
501127824
994210016
843248796
731328569
786798785
5269405
758941494
810174226
793281053
772765227
324840221
596617253
514502139
977274674
224011582
359953881
702006673
500676691
396591127
357870024
74918845
817261996
595527360
943931842
811613014
174167194
301315650
597458448
934355301
879824052
623166765
401564800
322569406
598066295
259157422
41266604
558123684
969660827
786169506
634543016
657578329
889349656
788983895
641726265
78186590
920143950
514203491
525671435
697071968
407950270
510625869
236991245
822629331
922906334
92192530
910630549
817144808
211158018
603549633
270797693
873236765
829990545
450431579
152145374
331613151
579161841
211926162
231066119
53860082
459009774
606618373
685796115
713480006
431231731
513513634
41390353
612597995
81139206
548645224
439626281
579147566
318179812
858962543
893937618
436900343
933141572
305888328
516731158
70842481
868334645
123376060
91227021
244771548
565364484
902527432
253707833
576360372
260779945
432712404
218827052
931900426
773690622
150616288
95928631
463169364
821520280
801125198
891818053
131619248
968037492
407992403
166201253
385869212
826348127
10798715
321478381
639269463
248145693
464664575
351491136
562074362
375278474
62908979
807368751
697672851
417038091
982530938
287793312
371349361
586948716
753061310
180685582
279572470
677012073
923265052
579268220
385730636
930647900
755063821
957941187
521469482
504221506
944943527
584552514
506961631
527345750
331697384
948846198
283602234
943309914
320733292
613778955
495158059
86783736
755222521
199251519
371186237
264960021
30959316
726356803
370267874
281227552
887813608
89550047
584051189
853861975
969036569
820475612
190774659
564673924
914252068
406642945
200619420
433429600
93491286
373573533
378756864
99101964
935415440
860429072
577023914
827888248
912497475
894668572
320254283
202635614
409622430
368177947
541628473
546914590
731142326
305092238
127262627
778588060
168691947
4878213
894942273
751132976
284508193
161104893
504508046
672962839
242290256
983319961
178419412
4989635
857734849
650958921
328713271
961500813
408712858
412541961
721143754
58616271
368598860
631793964
628611819
39001405
131246858
944576871
444753243
989252388
766846588
609326231
861198111
921186881
274506777
305727112
347184652
960413691
983019558
373710510
656902236
814020582
626988503
787549480
75031584
452019932
850450770
224001666
846949079
463560557
350147372
441675569
555542744
529661111
421705454
44149497
173523641
195212698
765745811
886523981
958776435
138972241
705427680
669558896
899232919
852964371
873393717
335550823
961901754
15816446
490857611
78410093
211364835
603203548
135425310
968651328
953931487
285586852
622001689
53966309
79992408
8725995
415974145
640333395
411386686
902902733
431224751
630281980
160070103
958535611
198761980
240507795
657857876
750195101
265915345
740980255
206405024
996170174
361651330
744535092
285670038
985946541
604868065
366526870
609070710
399030660
248315267
56563804
545369104
509523076
189659217
150803981
144364232
741803427
739009195
617769226
462524623
293592254
889187650
361571266
573737903
624748122
127835933
157377036
170955535
96389247
550998306
944935319
771394954
757777467
750226638
815526312
209050573
839669913
106248762
654438986
860413363
42727987
11617209
34518676
544203071
68759612
987569388
521333437
640702503
264283797
838697389
266717601
621970386
380741950
118086639
395724077
769401341
798680171
417171310
175975206
282087381
989691840
270074850
26587091
631985766
436478854
952656409
963168494
8127884
712849038
176819381
812029307
970321147
659473340
279233952
819338893
340366765
385430894
795254347
19222244
375256890
837846388
732340981
237396657
959997892
630552540
696499522
992372077
773545883
500170234
857156059
332291117
58144899
208091255
221727236
416813227
686587911
561341755
282169775
674518388
771774418
830359828
721255344
23974575
834969214
494091851
972315821
503825626
200584846
550074237
130935657
505009825
793211977
705665750
595379956
775260277
395281386
509512219
392429412
338077155
320969894
157901473
56533908
658628763
816331290
202533620
675317581
643937852
963876063
660497702
69947657
109533788
531552684
594015273
984464508
61077821
280970258
811647466
900733610
347317232
460541429
794652503
166262197
522420831
431724826
495565933
220597223
447722169
672037779
832459413
994124229
907452531
18912107
575456022
107881997
351438483
592012664
509650293
165119803
280699430
244282301
866456755
744020555
243111172
104973192
256871830
768535233
579193938
367745599
280931476
898336626
825927430
183036809
319973452
739896590
869305010
195089958
176977925
142070494
278992061
977694015
180597585
382967858
926430491
644736467
255375798
641264779
199383570
196964162
525544889
491573103
578084270
20859927
341955425
677923170
955824376
341334774
602284582
578715214
563571975
587119744
794698153
643395970
329724179
570120391
749337335
693775869
660517462
301710453
881180641
622131367
674678783
442882418
469596262
177358506
525985638
313522884
520466105
83509459
929763445
977384699
202845865
164136473
758407318
82860754
301829682
671304448
678981676
278606459
228458400
145163479
335425221
633281743
421776774
973076732
684375231
881244575
820763503
471028735
609964703
980223115
43511730
943193612
895475867
630155386
176234108
589507210
788545934
618779273
81773327
774318417
606354370
482344890
861507534
423638811
497159816
192179088
371276188
342895290
897338036
665269474
452531451
601587057
615690220
192022675
167024934
490993984
978607400
387890426
36201162
237856861
246746164
186076642
406679075
461757372
111603469
321263714
296229718
398613004
255300427
550884672
471748956
868291913
866811584
29702109
875275015
802789515
518430029
329154692
109899097
613254252
219574031
857049704
632347265
340612054
670001537
247537514
567024725
421938955
448618726
885293124
790486400
820469413
84083522
94550178
879072566
710387692
951105326
91198122
66916470
261639719
340643755
974466447
674720769
564655648
233000597
212837636
890068118
868084049
535698967
331706818
889742887
495249144
788419392
727279961
548435526
183237004
53323938
539226756
761978906
374535627
339443204
560615944
462791210
392673608
444839829
699016515
615306008
194719694
7464062
606359194
307019967
985474487
316311100
388355416
382771309
241711217
771559954
421467211
931869341
540638648
759936507
133941861
216008779
438228155
139471162
990114386
951410461
531601289
536377341
601901614
616450795
230175029
459353336
157306504
288992730
148523009
866879818
155938292
63739449
569733665
550162702
322125509
825506888
359868941
495750520
474414288
14088820
2374816
662680913
360331435
890422542
251134932
100330390
191745747
597276093
183177918
118794549
399197067
948056143
531717889
920513950
810018176
421833439
104513378
94478776
730273695
458950151
271298955
608023384
820151065
54963460
304104694
256112347
583367768
210038629
235872923
168915015
42371846
505831456
619897710
684455262
299945323
790767184
633259328
981692425
761281200
5297544
915926149
186182094
483055181
669121251
472083961
189030768
818361984
905758561
516239574
142633995
492259788
217870106
638160620
636312867
674390374
86312017
107154064
128613086
43625732
63829024
109556663
320551304
887483173
643268887
41571447
737949466
936320622
394183486
605260856
781175502
914489469
302174686
145768388
148743181
503905205
813152838
477377412
78051987
118005986
813039717
938174084
198758014
536865087
881946579
618809782
349054400
819299087
296213521
11870320
30415450
90925416
319704579
598466534
671906911
581118321
608882014
123924571
194982724
399479758
67767191
185694184
553689246
975496240
929491869
379209708
128461092
711144977
796725699
371950937
54388727
981946522
378888706
937809821
293290724
470095228
945576628
74216875
96153808
327566596
931173740
883720655
750677056
624791266
275629092
436743036
280856652
946576050
236163846
148732470
25741869
893203536
262955665
681595121
126389991
969800084
951543603
944825167
294523034
325252610
129451703
448412185
187880430
361529978
313544328
682662189
119027981
699169413
529154141
581026553
149300102
243065985
43259323
311255918
847578150
100416798
239648299
338235956
84934931
913112425
315927367
67258989
211939557
870808827
567486277
815207412
321769855
347358346
435184546
253935375
527940415
504552220
746440495
74568568
657012671
376270493
291139311
869357771
378095190
367311993
442038064
738190728
819351922
307008413
307280997
111788290
734731878
340494401
645743236
631700206
78896096
824072729
767639351
514768881
968703538
654009385
277852811
433474763
890553446
58064714
893405180
196001504
715259920
707624718
231317895
278836619
651860907
808081548
802577714
62755779
387425547
328165117
356528773
74296415
493054310
153777146
283739516
903241359
8424361
540823615
269898467
959538017
950038297
44572949
791385940
784087819
899456369
117943450
877650965
58067736
47756961
624641534
390508088
651528781
837060839
101621649
507648369
233783089
71904000
758825807
397031133
106163435
186764505
907690415
908603307
27300198
684066324
45872733
153218941
161009534
705774682
457781953
158884850
941101174
657059094
398445968
546999668
238352106
679488623
896480055
292270721
880770278
997523129
358213398
171025505
723471694
628971071
499641350
629432098
571149930
267710297
918511166
10630830
4237076
981140851
54412935
747869645
689066589
393981059
296165374
973823383
896620365
825220636
98813115
578463919
295402092
331932525
912130385
625542555
729107949
179966719
426964654
844051042
333340823
763470340
977592871
286979632
843310463
53669600
759474813
671685036
328974367
218921726
735180163
918595450
791190942
696817944
900222411
404093179
487273978
862239605
309899569
637481360
276728572
712054767
998622098
444437711
426065540
872110088
642367843
827660025
256889310
346259155
307106925
916575111
242371922
626641781
204817736
226390240
776455675
568741204
69685790
925884638
676053237
33135751
226854555
443535642
570810850
616357171
51530969
57406618
992805949
969635999
241661733
809741268
187196357
226645064
246908479
4542548
436511828
268025868
988822977
808469189
550026793
628902678
51031137
592551945
192962996
215785641
350754942
524218056
922576210
515650142
337913687
313932785
736553562
335632992
67871211
994216499
549460980
281696169
242152524
655177367
499962073
127998193
440946920
169005623
587538426
245801580
990460860
265353157
104087907
210463520
487555695
158582054
55139626
753044162
743628520
923170612
33725484
732009303
36499174
829120767
28806066
29401545
170979905
129788520
863990331
360799317
979698829
315712692
635457059
324843447
737232362
235243278
662811406
159235434
387643208
614020778
448525327
978714307
132248298
980083139
513208181
384163485
390678469
227258332
810683021
895927895
867023400
540668724
126479058
111922788
822722135
126628675
170993972
526718970
774583699
311558018
959540017
29711339
858639581
246879927
88742331
972425188
866700299
161845175
137384877
302982256
949494830
146178086
41231261
178828652
548637371
32081867
401152662
665266862
132364186
386695068
755283023
100985656
177632679
41136651
496505540
632418907
354666004
426405324
636070644
166596260
926743175
864285264
448619717
284155804
425292354
282742754
49911276
886246537
438012068
249467121
187263077
402299530
165249200
350832025
46465113
833168534
447759380
982534915
56343094
407621930
169081285
813692143
970998468
169525734
509613977
319127175
139694792
446810469
852274512
224890828
227939982
700564391
247336578
917645202
681243294
634918020
988750233
165706274
539150899
692599364
737881153
243888260
752191481
523399832
410436266
571822042
80128545
291910233
188175791
78031789
859732411
734341576
694166918
671777247
145431677
266268815
465461497
821269792
124481411
242251755
819454131
179861133
772157870
865584895
690199487
908534305
105105480
933807913
715092051
63548447
639372493
436552074
928234176
123334974
314173244
474986533
200727259
460137529
976964049
122590654
715478612
795651924
743064179
141849218
928782668
295167896
723878479
352417697
531583385
623159817
723192696
304782537
902449882
371090242
583522922
123474094
51926870
779614167
773954896
947833449
442025828
397785444
589991692
138226038
841227651
527659987
936157929
827030365
996865604
481250226
991306804
422714914
881794563
297488430
461020880
155501128
167425597
360952673
865329898
484095369
231295100
332765779
539439765
875173413
21445538
183360821
110627849
732917206
898425957
981531723
376525244
544608902
473295547
95123153
746876293
66402356
77645459
65643552
295995778
400490628
749625802
604209352
230953336
74319035
931757064
965698527
846210239
951170115
124558489
699607985
721212724
300059375
400875300
657696580
56932545
334095031
249049955
14195951
307814128
668818161
335477926
808676248
636356305
692349299
912289643
499503880
902614076
635694120
937626692
286095696
426414444
712211944
913081428
828044992
488066616
864079785
507224533
429113552
461124257
512155496
835518424
585399916
811155142
307762885
342164185
190531006
874709156
762872478
350759100
385726031
285912570
833973228
912264307
257124217
102328675
28810546
361247536
548223365
510366233
876162446
938279723
497990019
879946500
450226500
681277099
674236762
994296866
914839700
371245272
436057703
739577569
102890483
3701405
563882478
624509919
571715779
29862076
839888627
738254957
836156639
817132956
190650899
563878613
371719270
834049767
347533274
859489196
74643662
927061692
64803181
510171271
262264227
389228138
610282392
158633688
551167804
67502672
767617429
890379897
887384028
614764000
484047240
486820096
41683854
779898166
847782711
42345262
362705711
917174604
60249380
680215152
48369531
188923224
930695544
531596794
546987699
688185010
140456833
884024611
500735374
541813309
403006393
165024443
125301412
721539359
205794860
287961019
57467413
592236675
275729626
463324481
827434282
866587364
469526615
257543697
452140404
787805337
12121578
818381860
317326492
521380229
763831066
713981338
942553389
537956101
651384149
428823465
589699000
281996948
15465982
337715201
219760459
38644761
94272945
288735602
20131778
132130734
106635358
345449172
524897227
196710941
390782222
116564808
83985444
906448123
42439921
312431830
802159966
694249892
305209886
472263554
669873354
159514941
924568697
780765729
531120071
898283757
476225539
302062732
510743040
197884151
52296925
406753791
808949473
397360039
147360770
955756126
481975979
891906179
628315325
497676985
57665181
19202975
744324189
191626345
376560510
176320172
30217569
522024576
801668918
779162457
670081249
747342384
561494795
777363731
532730243
149499867
809084108
466451371
922899730
673484112
843472335
407592088
752083107
730755978
393192812
51494740
407510246
84193937
682936541
174699739
7004266
57946246
429436832
434387298
117329478
876236962
28381573
156096735
594729751
160374108
861896966
486263015
568592027
137217447
797044497
269307925
101026150
306737387
421482637
638649356
700193369
516632446
664372238
983003033
416060894
864450713
178947668
750705138
970173370
249795623
3040528
941764039
255095061
583897697
879115288
418835469
873744429
330551676
637444257
818983973
45254157
89768107
409922515
710676789
58717329
156026352
645522875
463998056
889404304
954742603
242555874
651736867
668165227
541605866
351581462
3283079
800518797
836960382
269120687
823868808
951276189
965349989
884470783
730533046
692224764
114062730
250788505
639591298
299908237
567222322
761068584
552807398
510119160
683080268
233983183
281578798
307786739
837234074
571429551
528388753
503656654
531460642
738078945
26278205
396468591
399052166
919098629
449157434
446838192
92168827
273811690
566314675
144505153
859069678
442607515
220226728
717771043
142020178
17387847
664420210
836954698
727812914
109883289
916834580
590531916
769021924
140319512
150774722
51312301
750872618
515227462
917499117
467116415
311329933
288465550
271644984
258103140
711481607
11474011
937187672
188274138
141451736
68649224
85820638
845089628
190547880
685049449
785114523
850588034
515809437
60412511
504113525
742509968
124073595
79600155
18513712
67283206
592265764
900897208
161501176
918999826
740244272
754274517
913867555
535948219
729331318
774886321
807464617
668488818
90612506
985769063
878033555
309000092
176116327
243936931
859100548
748645121
956778412
473271981
123360802
382944965
516804141
525610319
639232470
695030163
430584942
116024788
386109572
638331726
773042389
740803626
358817277
222929166
3973272
495270228
967530260
359873683
111009239
365516613
812144368
529270125
698029640
572920488
614486076
997997571
257035591
356140341
328482307
658391993
821609822
416822739
321918261
981306600
401274363
487832081
206288529
437545540
151865523
875839713
884949153
621623829
462367256
601037479
377736040
535872341
966569467
546771656
142534781
137151170
809627092
353515352
128516436
166251488
701825580
413213075
186091065
62708865
184393282
369195445
732294300
7426935
348158067
127715370
49514120
308092913
705600250
37402512
255103916
722848043
656069278
255816716
115187576
876886537
683876967
593488106
721892074
360641114
572554019
446128794
19379253
741880511
223831160
484685275
471616764
435540986
341393030
281385019
859532277
437544410
620318486
37279112
91893951
28331388
619090743
177310541
841999538
803207862
744090817
101403372
478526868
118469414
260974464
269830277
446254587
737412652
612256101
497240010
425542994
692400039
625743385
923556676
586489357
76594428
956847630
347146271
925042814
312253032
44595101
528286957
755536092
501812285
538487768
706989584
687365844
403351570
81552886
576563126
326521925
42408628
626796411
927090205
211158597
184816494
902802447
206372146
563916819
595565789
41847914
454256796
954790063
894722887
450485423
521106176
194254896
652796542
886653937
137184233
519082544
803838293
406753477
681926068
487158516
443838755
637831519
293239624
160893393
183212238
429213724
938951459
879685417
760907375
704136794
391803657
259148766
21288495
255009250
699042332
125652392
537123137
945746780
956959521
451450928
470866985
619437333
542160176
408620123
624351965
522885710
415285299
729536460
200216343
80881049
702287161
109692683
244212447
999865788
73551819
278747264
245575206
241662476
205400359
193369274
911705673
311227727
189871436
652826798
834152385
119903781
438474383
540789915
137465713
780523793
934922202
942406133
362246672
765108066
329557030
17849138
597066468
260341125
162595897
339349978
131249255
910022669
276909826
591479160
474040139
75795316
433755995
44488893
177215869
957145367
609434212
952489781
793109318
712086033
907052965
198399656
516981850
863291067
877229219
911299967
926879862
350756641
427666452
94264331
133032428
145671138
133302796
898342908
137413853
875057247
621570834
537961062
453061209
842888661
891516192
562901946
143540355
54983825
709136756
311507129
891088983
409522959
445133647
106042533
82865311
900096642
307112421
489505305
338547149
417517449
496778459
198789931
458753385
613201366
217888636
319720048
154089441
829706900
927123536
587495337
558176969
951971317
917253912
926378267
398696322
593909654
672336187
856189942
204410775
890803879
17491504
82547042
690501296
913263216
677377703
827026218
777445772
760008363
544177558
982862410
180369634
244461827
725344375
99426129
986768125
592286118
329608648
839378513
508703929
439910531
716594504
243601709
926150718
977571076
358597273
650984932
971556982
657267168
382366275
370811040
587015259
689068282
90702445
899720800
316593506
518404769
198353412
613531976
324808111
509722640
204640018
44992005
490147411
412884500
132545990
192200074
684771826
354754268
593545440
69370087
961943245
497687257
600682817
972006378
145538120
504739259
722050909
785404970
327454997
219450604
268178876
660499662
20950241
377347675
126074379
540941802
971795791
862721093
375285062
761863221
439943508
746772534
263721346
439720444
234624946
898596447
869174504
161499645
385626560
634697049
193785781
508487253
655209795
510673623
643936069
72267611
759583977
335191949
227513675
385834528
60823087
30541545
272580978
906484124
425071292
624609064
311960469
825688899
683734676
352816047
827315877
59319675
910689134
429260179
329406233
903186356
252224647
414768261
673484313
142604892
105175075
547421679
521331438
408170074
197193911
413817199
301842261
357075930
195157424
22792380
813400953
505378596
993435662
593398489
272660590
880946689
345291498
371335637
750290073
465807030
860938746
682863894
115462107
739237878
540436285
611717211
982069603
561494224
955226702
150913540
826499969
800956340
600440781
923112130
301925349
86179070
577425173
627211634
683370740
948085705
981446097
358555239
589277910
865297596
474056980
19858678
926330385
797779519
629564286
855083606
648824818
93651438
59905715
911774367
488938147
312658421
443606293
504867301
137816506
968789270
642868617
396132366
444608547
128839453
987564427
927953662
954458821
210155085
682687554
580224958
715196293
537671814
176554754
295911821
991590157
947581581
845300096
549420804
708476276
573268206
677616726
588582976
31535132
891253977
541626602
670783669
370242409
609388150
439423263
902409922
749482616
21529942
591887237
902838906
683812875
919509403
371259795
971567433
870557907
296720381
975012951
849301729
269526480
953784029
671958564
267896828
107899930
194515629
144294455
4293670
906016162
299464003
539490767
205076996
48309782
501572483
135655921
940664283
589888068
936303670
753778048
443808064
4703360
543089832
538342217
454999935
200976754
428719364
698210298
689365903
276765981
556381985
224822435
239439648
918469535
659542190
916761277
21340952
121097222
256598120
129594250
856681271
445714249
683064148
771637558
356619477
601357093
419587553
326284778
53735647
328571948
495763532
795605379
576574976
491674389
629584557
978248581
925679005
660471969
92779857
384855555
366292357
557742753
205552186
238105078
99632292
571886660
252129618
728793289
38215293
748642955
186918413
656598743
895586056
65576902
341118240
282320880
363075015
362143040
196889830
961632122
128260953
6032717
645802796
972207230
41816387
666388941
442136064
874541630
20032052
495980399
258611168
180038598
745569488
475080007
156424979
131611541
359568480
740966198
73654913
208777609
750990260
737607088
384682058
468342771
198572140
248126550
259608556
798460208
17626944
623827393
712516804
389777277
841964720
8153271
59927766
471275481
24563906
329003595
513252043
588104145
148262114
88808580
38443053
289505719
849006103
23316451
422084361
341724501
497002909
420399587
222737579
367704657
147043093
928789485
452230029
631080129
634806996
821783825
433965019
18264312
467493929
61346499
204029982
771575300
926534664
176720083
529572278
205673456
683522991
837035452
899826049
31428900
959487168
333270562
140957837
656839607
873018388
635226460
324136552
728108149
189685559
625826516
525690625
346058575
580321299
583791430
97904226
448218719
822261845
590949434
36411068
738712865
927943238
329455543
62172635
388872879
290302912
738426750
423119937
287827942
449226562
385258645
25092384
930497580
732286949
930526884
450647690
365289029
319445474
878200298
128925859
18597515
201692154
986229923
520933097
646411690
457184541
752786797
778605758
989986460
101614013
791556587
862378328
322043191
24937532
796258779
351613038
511112634
42917765
403125459
101783250
6019596
938201467
875806666
299913745
785906010
170362014
579786215
292256124
917872685
846061455
229294170
1727863
212156192
930642026
917364647
269046828
361204706
379701536
397441411
742233352
402110109
898072620
983556637
699273201
481941200
625864465
907094353
411465321
662585462
961453003
837805394
228890269
798832836
535921193
190869573
996713612
101354208
909642067
925149327
202112722
149351551
712920705
317216296
271772041
270997884
696359760
668420909
893275818
30359532
469827581
651129861
545310789
116763838
190126098
859852300
813395702
750860114
573404223
793957051
964699641
126144755
993372991
891152929
869800755
260007280
112057612
781659758
59070010
884969490
421062541
251106070
805512550
100205508
620308450
852192013
687850992
294224936
729532398
950833486
594682771
144225306
906801659
656851526
475333355
141206939
958005980
710503675
116442626
415887423
784022506
441181459
237143482
796236215
965811204
924974376
911034691
381449645
88062896
172254780
850908953
782547906
307510815
906580993
629875082
820484775
28904359
13837179
894895665
448507367
571364115
687238312
785321771
761653090
55019893
410236117
625508404
562608718
89877237
645653837
829855812
812363291
519188414
511604411
809881507
787393159
744615029
557218423
559671701
789877587
381037161
721384209
737241934
470628830
1852491
291443399
867999301
399861807
680887461
482144970
554718883
44574786
542934205
658741390
947932447
237020241
986991361
186346121
209783854
262797863
27620293
185862069
194349593
383693652
540512759
936821431
657665006
649306195
870670830
245614689
565326892
974801926
346984381
386898467
610182012
912519848
316402973
683015450
244371234
811414144
484717835
308179634
664663675
466095536
480826423
665059764
712631741
386110074
207228198
256860124
587628426
204093300
534294207
791902614
52711947
140069052
82147003
236209056
922517329
658226200
609373294
32260722
214889251
687389394
269090409
489110106
518210760
4872828
963241078
499683456
574148544
321991383
589714549
425164503
590075190
641893131
798034415
701462658
847780514
957478648
522152422
376180894
52161121
909153781
647431716
959161012
297618497
177196486
964302679
503991813
617045018
697619258
278178644
959194428
658748072
947806430
558601713
79261350
589905578
369366190
784343265
943831016
538978814
492907494
793337604
400580150
933973302
128352581
243322537
957204928
310550717
952427316
587419123
353172403
986534708
567845005
93321395
801485588
488033921
299289599
780623346
150531146
379106391
114726261
631433121
343573362
703391747
358611384
174176715
389932193
135249672
375858656
695886319
830573550
576878796
984018670
312978210
437652693
151261093
307941750
424043535
983518961
860664578
310296067
33460017
831758794
7177883
854150103
585417920
669054524
502793974
482175975
412124659
499266761
7465358
287698319
883094870
246088432
439889979
671328812
312623653
564888767
822694010
452209125
303164868
426604853
776075288
886415200
848831176
913389136
754468432
663500102
775532731
463466556
352033088
60347248
360468645
487871087
841204586
649344833
90345746
52776859
988605207
793571661
529037636
252285739
214529484
834591841
102948701
970991219
293184137
426223589
493131329
585942984
287821773
620579968
116074175
661871171
174982129
814111233
649450757
708521918
91094406
879082845
345093654
873409812
782410025
128400116
909602808
129468878
219456554
132584545
653719702
960629185
42761753
797442658
646355821
895327646
450363488
766869223
601454371
69864989
723090336
964709039
152447418
30029031
679163110
580804817
947947723
640125614
697022513
387781569
507080618
207351255
906286863
484044753
729639826
148997100
656459471
118550919
75174732
198870361
788082612
94466688
608047356
702176203
835139245
628488105
274779539
368535671
534156928
538089187
99760753
668872462
593682870
36080803
756231697
539125899
191374996
192904794
298299047
750934268
936421475
825663525
724812570
646308698
860905751
671953746
465596085
834556462
900532790
946657188
428056676
458215273
555557992
619636175
887639844
310631370
451753270
945201975
392428077
642505496
966610312
608495553
1288151
270065090
418359065
407016883
765422091
1448551
135918005
297483452
686520857
958425913
726536638
614463694
627855163
135496342
661946837
157246208
228228690
112768944
286270701
461971306
379058784
885440299
840797374
146357789
910724188
847772895
218630859
81113990
120631883
761793116
130345228
590295359
890945339
985964711
265715247
104698437
526020321
719241164
571877984
291699989
331576771
216604027
242079061
888134137
213204576
999111139
562410241
273974972
809322699
30698908
412881648
711380930
104221222
234444353
173124689
164965844
892657558
132233934
373370055
217890500
939135992
42462720
514438389
992318501
624762094
304069825
107271720
508508806
786019517
658974431
468598613
801326026
717276369
56938878
86524248
626384307
839437708
218405886
316011503
26007403
331250957
358752793
423248
704346297
663095876
327745718
365419924
712464162
34664508
420717727
1034519
883844705
896931736
107570826
274836775
128869391
531960080
685370515
918537390
445709951
208026880
91218726
524340224
65980068
577205578
656951820
828245428
321626782
334550063
365560865
856617613
93970264
743841482
700771132
969669916
169701431
7886402
579382792
728933670
426199019
111161871
233882556
699655509
786261294
378781359
83195749
371321246
803548173
174683709
628445649
511910211
244540952
672013476
227767532
500981245
198498104
729140876
722802062
723254194
137738318
257122089
765567310
712573316
943223103
877066189
279039727
633461436
153331719
93252422
84300849
623062520
819871542
553666772
933095380
654581189
349248026
360968783
371735041
695242002
835816618
309816777
214172845
251568697
65107406
320162507
711825012
13017007
270924427
282634039
593338341
661918972
318284083
82810703
843491399
3497270
957453925
336862628
121573939
197937158
109524782
18671962
667857734
221250306
559087585
781653501
92639076
116983691
188240964
526963450
589376389
424280124
964390459
272938973
841868581
343507161
181947647
433394802
332379195
610515184
568356373
272038488
757976465
612797282
128405383
2063109
534096884
992533910
757915232
45546377
527943494
924192458
726384721
902536138
427502892
212488085
448595298
345141583
273100057
639495247
584209248
477344242
749042642
900931458
803447300
168024412
126053991
976749243
978455420
502466242
945693753
141162323
302846712
974914649
544187010
486193919
193372499
691985077
146952826
453455893
524516368
288409497
251672231
8060815
75426010
53779684
263756376
968621350
748818675
546166496
77231618
619845798
501878382
412381956
297871423
927500694
112712821
813860380
688722714
987054682
334099380
61339946
462962759
874522412
63865682
131572691
899717754
426759278
193644536
182636488
499142367
45756628
432045588
238778862
96163505
327711550
223191339
627948218
989658584
196269282
551474232
248964227
440941934
764548890
247392767
839492802
379630093
70416945
966285363
417520645
61215679
514109207
300436820
363154501
679752877
112498828
107111467
295285941
365101407
979513935
426309171
284601361
995716412
916740490
463673022
7970894
900274865
273265455
908701488
178606150
614819290
439497120
173937768
403189409
284012685
658059578
665134332
994675863
996190306
162033029
285851586
255443808
427253481
92374988
237140449
591658401
427458500
18515816
5326281
744186618
490936716
909948361
480512782
773993283
262638717
252847732
657118858
146907056
921297135
589036631
366797842
39309986
599305780
916295538
793137507
650512539
857864264
475981278
640319975
260178593
37125939
527023342
416528642
238712492
97647958
768937997
528685088
719924357
656948568
544339062
365585945
582906120
297861155
836792445
762865710
953873953
744589468
493876196
447775108
455259150
596713267
656238405
440273654
573513681
721879911
193441506
673663691
188385471
898621588
443185035
940903035
878665452
82222656
792192555
26664080
506190462
763049297
615618415
963104049
107313765
404017794
95535123
390331119
486321215
351390324
777564591
693453429
816900287
484318928
345798761
998997554
822295377
960795287
714873308
264363941
949126695
41744616
270763897
630663578
349501667
859746612
478294927
799924027
629643939
421016325
893768945
748130692
639158689
81350875
988182754
824317811
143446976
752525022
726251832
375877026
903863668
596688972
657239418
732757214
497206072
313112923
518711118
261114732
790538613
253926850
711006774
47699654
499922979
435422873
76527408
241781242
484563548
367316539
644665403
97365121
575972728
942650803
907405991
73468489
432543653
266928942
927421454
235270278
103134909
87482710
645233182
784623147
939479892
836728138
393705434
681588573
426865330
830128910
608265894
481431539
14989442
740670598
616439385
821233415
495955102
43202524
221127221
545022708
882140157
716856891
712921412
939003676
890831749
415373826
524295259
374011978
269161294
837761302
463576995
657498329
613456690
408657832
884787171
224098847
182134942
222910272
556441314
596115693
781000023
285951445
313237771
900551802
876610687
949934027
551623471
254569499
60516518
845463264
645345249
328773803
434473845
31995709
18793998
477762845
554111151
23736224
497508014
323554552
159626834
178440649
217401719
446396309
184568475
145880201
881204551
357573492
611207910
317669568
937579973
242757685
607946161
816514267
569759265
591340087
698806836
521489149
66715761
471461206
952098382
872725275
243953246
330923092
39006006
270196220
484843063
197960876
501332766
964755578
38360404
738516386
273658841
15686131
254288698
876772137
427833541
576000615
153311919
17850170
342085882
989756860
435192009
446711840
783209945
904159832
324564403
638021644
250804077
168234788
251977518
844582711
894783746
22545846
577019434
942906730
26319096
864751128
458667828
682165270
404651938
906552133
788977884
806619925
390588924
168899014
367699101
247979423
65142415
540668493
215695260
963098083
993765065
70458730
761787618
203347065
290994016
941576868
191518569
405232576
179273727
950077327
986218980
214338044
353300883
12754666
293766146
175088498
540023350
132444192
972890134
850662578
984434760
802954366
588600429
38291108
982455821
637189807
146699244
341763839
681933188
538776256
778312287
267354377
572169484
504266337
366044288
319849803
149615698
986003598
74153119
162547110
161561646
710473968
560757384
678977245
764575106
410911860
701633698
494654710
505807351
70246807
283266346
995496627
983971810
613584909
830493405
848661033
57768475
97611969
767895905
507020421
799184053
318501071
21577528
141198053
222855909
905243128
638529864
189629126
769244512
452997095
107888051
830704171
218874904
851851311
7946433
45498543
664456359
697877972
230980099
292326099
504113518
556974694
27695596
833621277
401817793
959465765
122426751
84507015
592256466
436666244
92210244
739902262
450441032
514996086
559528065
674814323
621471888
517579571
852159692
623609662
663023483
125927231
547340063
524814889
454015041
809247207
861812715
810604631
881143602
125790722
464639930
99740140
280273636
935651737
978465491
756548495
878947703
851578840
947197951
501785741
130538908
486047651
992485896
975903466
142341060
641796041
667234157
360347229
480010080
271420898
959070662
939210210
844356340
670126144
765313895
224353273
223602826
733635601
800488662
754422540
469802176
703287542
809746445
178321229
132356724
789430761
67553475
889525365
543538818
329851802
286483037
854143637
490952851
962736666
152278555
896596418
74615087
738711972
727437382
29344966
299981990
834220905
137148850
353684106
806081477
605368413
30405610
830908733
312368135
760341273
134572871
441927293
70391756
330965441
108412021
44915135
488384844
620333826
139136167
2390892
784022515
695069749
694892395
794498014
842043036
388157878
671440193
663167920
830708103
596012945
734843152
970284025
286411745
241578820
17644795
519370423
385969298
285974175
961952132
279613614
843154513
637174467
277310212
72623441
180095685
387989751
840875711
859709159
171641277
811903930
790011072
932765782
33582053
695738192
616317423
992870573
256873663
638657649
182467690
303366721
178656237
28004168
441144943
253482729
274919828
851181776
163781211
91452613
11844052
645672590
715046353
997416450
248040832
556871669
484871598
53840482
321263959
648638809
521205430
755927186
525903358
971524988
713145855
802448709
168445238
573016339
472090307
441084345
95284899
833116929
109086668
655294820
5554804
716456946
870160985
883028376
534210128
701155921
70004549
448641915
361812237
302344251
498683706
900223783
360978851
483466418
752277224
691617522
673935107
59490324
299819492
823744486
811657530
676863108
908905265
754364349
681148482
375475083
249944466
347967678
396923612
542127635
165554865
414474809
215927265
254120171
200952128
874161603
635180807
933783938
898787067
570988255
150470464
332449851
984745202
333903614
945705361
439057213
445160250
962481172
183813055
341112566
578018013
54880181
203992172
906660432
270464695
828016672
168531616
312573637
30155956
721501259
441095874
95103879
334373150
777218037
550350761
977941917
850529970
756203446
413156979
952199631
251478451
230747302
510837987
126037574
905896314
106755521
419522538
24624386
628444250
327239843
515552863
971752503
538542756
609828618
459803714
185182472
918783508
561532176
242984001
257719988
986970146
870259748
133744379
740689562
497542893
459292569
655954152
343124573
121937272
91579949
566143070
910025326
737804285
141207294
474410723
665809191
857200859
195830698
852130949
770982954
420248033
156487712
534469667
233418173
279183857
987257916
743808318
357502251
147981406
2119509
758180991
259367481
321908866
83326311
820991423
292406578
830698763
420664336
289843083
135973296
569043034
368625796
177517504
476940479
282229431
310825260
746673615
656291007
239493622
442535259
284483262
255660315
612544628
212138398
376876266
541206430
427098326
882435021
847653515
53098448
493047173
496533542
806906469
18161338
535724119
774919500
888113202
919722189
483237304
352909140
506804881
916452321
856622111
362511258
604979734
434164396
567479859
544399679
121165378
580339031
965964532
877893441
412864851
90030752
382479177
730798632
28780506
679569155
258988999
938083002
38916639
518981913
571693363
878674187
737033066
703173359
941790748
942433715
423036196
966563406
865903481
757762740
218580347
885590896
52153517
674873694
894779913
497502415
349863042
264485881
500498978
793241522
351779323
76487643
782859667
783238016
847960354
123373764
408012345
4949040
209106759
144376316
657147666
90103770
614489667
83771692
712969791
496172073
429315403
499108833
792658759
660932546
858538041
243235925
811385890
719661692
322233127
67463205
91672763
777611918
418515020
617861160
376640908
989371220
928369978
255597733
866323442
775233579
669319221
769264437
992239044
651095463
676019730
336093202
480754366
101467952
806496976
575548713
806704918
601667878
225863039
111544757
214127668
670044774
233266151
392163036
8729586
615613668
450009798
760305671
467059544
502965588
310711203
702188840
556575131
911503479
914581086
609251567
26624551
210970184
548367845
828683440
809658683
559237568
805435732
73165122
518940253
530935169
657276255
889888656
452203637
767538035
174512999
508404690
632419983
758045173
757897323
136827951
357211199
78119266
125799095
84195624
317240821
550394542
655985512
155681866
627406175
434173866
789403816
850084257
93795783
329196176
955149461
614274364
865342251
848419207
767479778
141374964
415196319
124483020
421433406
172031639
400773134
471132267
461909612
598328489
857836005
419800853
607236709
702296918
896354417
517658713
969707407
275079157
670666545
459719669
335049141
592637863
26541597
793016011
978399113
248265974
80922661
858329529
836574587
487430621
149916036
424402989
759646003
646117180
148827017
361440937
299394995
461469152
996937701
986663225
97483019
645949967
204473803
759613798
708471918
438776155
441249319
414275671
138750873
619977603
430708672
758767912
748761130
86386496
37942562
165777743
231184796
361619653
190883202
450055853
957104487
34070667
340760493
323937606
657274358
639904183
342348591
560601842
440171742
461159683
545649553
260941539
312507487
675822398
368532736
896847866
836216888
415998257
766447509
705786195
632831738
963123238
937710016
829652041
823021496
138549114
347488420
840074105
248032560
194502818
232106241
87374341
208664139
618467740
414165185
394124446
935925388
248068976
369778529
374409691
998909344
236411032
422451526
808886781
652771973
654595561
873407693
103565220
434836202
321240109
964292567
62514702
156004136
628183414
576598233
54911032
368249328
79383675
691455723
305256905
162612542
982026618
230460689
804042737
597250180
614161763
277813783
540974852
599869752
436867370
561622734
868773945
924434995
567244590
39449055
431261264
483947822
949477400
56538546
90836473
770176221
289849078
193370599
493122848
566232602
823533190
34766491
826233590
514673195
145316050
642054950
474519879
247454592
484119908
488701267
671686779
40957516
636693329
346091879
93742849
598377472
328180669
22385573
249053428
458019269
443694801
919131196
934491742
11759469
194679126
300248817
357858093
464806034
243075375
678241803
951334221
515354284
129034426
632527753
659518692
225910545
365810847
966097053
98243618
656689828
807315193
570815414
93993824
263179654
224167626
669347913
72057400
748853143
297383136
57876567
362202919
754551981
310227764
282065222
301996916
786903521
948918370
853434753
189274748
729569254
349139414
554015030
975955698
410023083
792241075
206201854
133302038
193654670
463631632
268152739
226144704
1593939
215819105
737579441
134141943
463454653
158250714
999389405
430434757
478417358
556402993
945372673
45544885
295449288
506727399
179604997
906048394
315512402
333791979
659814144
950138929
528832287
204783834
722302863
996460660
666633348
429187810
207983920
536738118
428036710
577743445
54219377
465698602
606720130
489875169
399290447
406626453
210709619
709083788
941782505
577705031
904719599
326120160
487277542
318500474
301898297
871035929
620425010
680507970
803734274
527051866
901403751
115155198
64325598
447605348
983395830
974942856
174709244
15511508
173016800
517602328
405693627
927623528
829952682
765069962
210667886
679375755
270709473
631795021
352248489
812186887
777894794
485916873
697572894
768951761
685232898
260673704
781630439
431400682
996701777
856139406
920825021
912838431
356562696
358875621
166317631
47361282
486146522
271052327
799924067
896062410
164167126
330829991
86976393
945583103
103641429
111796328
502162437
798755908
893102173
388668598
742863389
639040390
140022566
136958352
736931819
104523851
861073528
362464850
679779065
333379441
543015508
779548401
301888992
448206613
277384009
708831834
445287763
847011709
401357920
373896659
929207226
650175601
122602288
636869028
271039017
368460531
821591013
758085603
67794317
212508387
583698309
21488802
83549366
123706716
870839070
945167154
401229629
339721573
775739374
36845423
508869726
585299597
458717078
816156167
289689290
286605488
267155913
949887553
732585094
294600717
345525187
500251739
133448796
83999108
196609234
720651964
224507472
964484534
527743124
372871607
22105118
679173236
4928417
756928481
793469016
786462719
272853311
970608186
662482150
888210272
881742127
424111625
57228228
663237844
806660250
472122292
658188367
404690617
15022458
955080164
437783000
217711528
634460540
537546584
241348072
264782286
273554450
881823398
520088407
779533987
996460651
345546771
23634349
866923985
961056800
182497785
520121777
854439533
680454334
986036522
134529710
481780798
30095016
603057961
365024712
339086865
494676139
965022591
814624045
525226567
710404367
382218890
21253469
551394902
924124848
569833883
901638654
366050060
613956391
56387868
542661796
684829809
986115887
450431417
207002390
699024742
388001602
6841454
660023515
77437014
763283350
636274216
163233700
832135411
581125067
489986600
665887017
107372843
411519419
580295604
146578890
987553268
82610829
74719775
370762124
301611449
435385352
470064938
6158972
375895170
572294047
798879249
768661303
773831118
637405784
340452248
40496303
996243571
370386260
670112299
44249195
448626639
825073978
186160070
335324117
361762297
841472299
666623221
72608516
997557733
113781591
876033700
799864445
254159392
342216195
900394039
359809681
349048308
665165106
399365460
502662633
37047785
513655635
892002572
42032937
864532616
244070649
239790174
171289405
555411370
716139235
386978793
482210808
441280600
339705023
713908089
199231458
54239485
617456594
962648269
594203855
357336628
711174071
51093501
991731861
362276979
69396130
428724745
761782564
807032077
915616977
971306404
538837485
825107536
784164165
681941395
452459291
157052865
944012384
100612471
609669939
368856825
259349991
921111264
720596614
162982621
482448287
108756342
902457063
461464109
172738898
91681889
645115025
14030822
162013192
351530131
232791556
55529054
165092452
536174896
702906109
381084077
860395511
974074464
802068
14309924
726257380
848821294
277795312
384621804
612264086
280310611
947659009
821345830
557232252
146056225
765409844
739175496
813458347
929145078
28189013
608138309
82587307
101972993
252522398
472089346
475249776
838847881
456555678
765969433
214458156
547983065
333915401
435592939
619788398
849797201
969097611
515534188
267876375
997743527
493943011
967603633
725793189
473894292
94445125
44484266
501524875
316620290
902095482
990351273
799740550
968821014
231187138
429653662
584332898
499893796
398570843
697825985
888096709
723838808
529313922
439560854
54828160
51392725
761157993
768635150
777391029
185470285
373083424
80822443
751635797
14189783
903479979
969243028
23502325
342055106
719427128
221751571
114377613
854303205
32818224
921041136
757588109
446450206
699099262
307751101
986500040
494557320
151758646
819921115
902414462
460298771
483248523
43227002
828465150
233308337
286011442
874549469
657815012
24068180
822233904
997011475
995467265
379980042
683582855
832720621
167981266
369372118
56451751
903323977
923295665
917199880
387490809
521108818
822341546
505749363
73716346
757237224
249084103
376060676
342643169
946760374
289945248
640274728
695674810
124339559
952621939
818419003
924068288
712753553
181593234
298645210
5658049
302697317
561290357
593697061
688974975
161237792
876574053
505569521
199183516
355904714
204008546
3486252
107529579
216486422
931961732
991328009
987722518
582830732
254371474
250489510
245450692
224296967
439870574
692138801
291216787
458487917
586651493
739777878
427829638
901825559
122114067
537425219
541389213
546243711
483524996
929610219
717892095
82450395
775519921
823928557
79395937
152184427
754429560
951805374
918006321
790874327
70354653
22507524
242370482
744341414
135133950
869772113
6655078
146137889
594053133
745567981
455989602
806447291
563313487
939106368
131214816
221914991
727928023
980654014
70858202
900800600
340537248
851247441
445597367
370386649
793009700
572059931
116154816
63151804
807057334
421537788
616102028
671764870
356675105
648193791
395163681
369018623
778974349
517196872
744420909
798078422
761341824
505220329
869134012
372415630
754010150
229050991
407433933
403581533
99645203
168743906
864532852
475429511
424339463
862104020
924709683
148203843
424963833
945767101
984861657
55974529
414177166
55367237
738170665
21194415
462877832
242462813
98583911
335150946
754110217
144531178
739481849
880540648
764828522
675461702
892642654
902940931
917678037
889736150
967576698
101726524
233482534
524262698
638176252
402447800
758402103
33202538
39896160
455849339
733735444
678781622
562688790
363761927
172080766
776305522
973413260
442081183
32294160
609929730
479404583
562991029
63768546
811010672
966210966
449585681
177997772
712696988
177058413
510002282
784412298
553039796
683049949
12806164
291593136
233763321
63276855
226031600
414669647
45788241
123064296
29437577
653036096
232862647
170812760
572646253
694402168
319389034
965874249
739407994
680116407
845438571
137652550
437643117
991010131
128170759
851020747
454397880
81534143
227411133
786882128
719956978
225292211
614901322
168380331
520346200
207226304
785146583
974214012
707293393
168813036
738492645
249032161
799369957
583538226
504254808
435864937
619580864
425909724
712357323
17707913
959225922
78547425
867432687
449374007
254925720
701810849
574574134
164544377
5950502
293499552
544543971
827295761
359296533
67506856
382392375
120436532
7570604
123574565
456844462
768411512
3422465
851800260
421936111
494303396
816610450
936757242
644404372
957893744
620951634
851260180
892173290
676379354
678529148
166037420
368226841
377543809
803861088
806646612
249204922
712888252
957838742
927440842
612431278
834081355
378860380
591901457
88982241
560842443
127320351
820310018
530087606
333921112
540554249
217920565
398119121
990709894
801250415
176238899
876920300
884800299
370711572
366019032
500352466
103554330
590725706
880999374
159215751
560088741
984932750
717792839
622724095
694171110
876549847
719609560
410961539
549698135
709108546
951422782
269799185
882978515
538451627
951271311
768622078
97682999
835618695
406420640
266371402
997865805
820226093
821854050
909104104
280141947
946357515
526730884
818862370
929848604
488448923
206655210
334914465
548697768
970157069
843926060
791708237
388670224
447587680
871377833
769222287
633954733
371103035
297706518
25417182
495057326
426730272
893261906
511033968
877872903
277429222
776805960
395529855
595610006
431331748
796218558
236563144
170018838
695836900
188232087
766386709
495658861
432457312
689932786
92520607
792800316
927048348
710040380
867100038
850242832
811770141
534690484
752675968
45736286
556092779
416368770
457970911
840084402
488562603
131333434
162930588
563850809
942939372
850280056
32710095
709116347
160673340
495691570
591366028
613376207
386118142
674378438
910658689
975206247
156897916
838697292
367287233
495731734
127420831
129734906
98740926
167872498
631632506
208983361
786700684
135179548
376524331
890561628
261918477
989436565
5473010
500744168
865842738
574668721
88129569
163964852
969628203
526963576
435623457
134337462
525203215
582024255
221282154
798196812
776635533
808254765
271330728
675781717
998345175
350483393
673734488
432478334
933088955
90325740
210302080
357667043
328589268
310589453
981652668
717643630
162601363
159269717
177430602
79958199
276849354
885007928
436325494
646700718
49430849
169108431
116644370
660722928
933713589
750259306
470338360
760566369
165669661
615672924
597109536
450969030
152957913
572955732
579430515
809971966
64393324
359199807
613556573
496928526
371232764
630146306
798818056
700164980
288994143
490760963
229640417
397321962
336516858
333071013
40465544
621220901
720897818
380691690
40566340
667037669
341006540
212369956
714325289
447005308
10148788
55786446
774405924
240151174
901133466
567566169
357976228
462277725
336062311
386727737
988160298
470165223
391887556
782939411
150545468
522221488
743326452
914838887
911644877
548154276
792490467
611385692
394413949
953340038
237590285
102567717
725976404
38868520
395657458
650833018
227829050
95748999
332290435
466865099
412167997
778311504
374553532
133266858
170983582
322289945
708124054
239890661
759919055
728963188
894523394
921219286
262093149
823942369
7282696
890100859
254955253
570595831
249956045
583302927
26507224
908354719
639748947
934437849
496276868
775836560
622835968
122255098
270657961
184647851
119035610
730168639
662211188
576438220
122008133
214611614
623914972
838980038
828939264
996004376
978620373
478688934
854151187
585825589
266094494
353128310
321587501
825408220
322901751
580473101
914379649
869925923
605433628
499857109
987878228
157042829
772634589
512616693
697856435
177071682
943440427
672135128
193331113
810352736
456048847
201640281
942054569
832089749
467305566
758234154
796609665
503067388
574961747
260891984
376561132
842457741
204482517
949750421
54245336
39297210
345864025
175913601
470084822
408795102
333681
372806503
462698782
31729261
942992161
579165047
594441383
298655071
946931376
630549235
324576582
866890312
50472955
991628037
744422676
639570554
534309017
787889348
362026168
377499646
941679825
65979517
573241237
85769798
414474599
474769173
862781189
73175051
498907096
122942615
836798205
780658566
754319742
226472749
662725125
220484530
678653261
165514792
86993403
799849158
396684252
217730549
512684329
6972507
614552248
443636509
528292416
535020872
580282372
18583746
364547400
86144233
724286499
424599407
412074085
425954630
276173844
1978520
853481209
600632409
894019811
716631898
251277335
561552282
290085257
549553770
364651335
283491553
949140645
790811642
919475286
902608524
971927001
635902199
572048937
692496731
621490052
286486033
653853383
264894322
657523406
704008357
782701110
886293388
924128611
600909328
21413208
438457942
980985445
511963736
21554291
546397508
982272112
981486039
140537290
143532433
666510484
990999136
520904452
576467668
868950185
484753269
389222038
530017239
602309197
962046724
902512162
992227389
696660903
954677583
514426376
196684746
246333772
423357802
679912782
855819216
988311858
582453557
732550974
833345910
506484749
783281178
260970575
565007537
15563310
772125739
406167548
146848450
646777080
343369582
258646410
881747816
49797719
831425316
741563175
211462480
688008086
468829288
54291277
9133988
810964232
960293214
376717979
866821174
445548407
917878526
604110310
694748261
374984319
689116905
608175325
717093036
619932627
175185840
539949883
79590113
461913826
874217272
273168254
463765241
640498503
342637195
783681202
752492044
720121283
145183245
468686354
184615722
12942468
132814081
877849226
121791299
188699297
770710465
940123268
798387735
497765236
350984982
786151082
329943472
298102861
702294389
845527761
188664657
489021309
440138995
451249338
981248579
648809780
920924092
480224240
46478544
186594796
933814993
388220189
445276010
880892948
658748094
768505319
346132773
363038013
719829770
770729018
515960183
344132087
246312853
479650773
287659497
20493390
238266654
702016915
68713263
360686505
812113471
281483256
805127749
74018775
511476939
770296842
669388776
781710431
153564386
591259864
264843368
729234971
208612002
31125324
510863963
766395779
706204154
486685043
668399702
93978064
81250381
294119666
290439401
782961993
419934505
561205224
769731994
69730469
366350854
630230403
366417744
320606913
948321211
827507989
480873230
769706058
656352042
115566231
565728403
640554122
791875344
209355080
31649699
790979820
141182521
962482074
590621142
615734626
823390182
788463509
571692212
775840399
395446959
860773641
934302626
371251793
956221784
578969417
496432847
375684897
373398058
26164768
298169499
670866050
57241880
551808212
670269582
600809141
381787296
813113260
267543990
501799044
462354350
935156893
845295901
671543103
97771600
121885106
199902378
684981463
984338440
784977531
48179154
62119456
37581538
284274238
220638308
228337673
258423513
702864887
573208721
472312307
2187941
802869756
56520711
719975518
512537312
877098135
213395486
591062696
488806103
573380599
399499538
518683332
482043725
430362528
72958753
918857033
497199037
405353639
748951667
282278476
685023133
331361827
828310867
746002707
190150698
460954144
737338591
661395822
612831029
957283253
845708061
608354738
180637044
327053523
365052365
307856349
490703144
45421792
945271471
124659410
959728785
777709843
750899854
406896560
959792216
226833238
122315481
213942441
585724608
119801531
421931901
583020805
152647763
16431039
986063876
325034318
71105858
865347691
720666485
78872466
258983332
410680459
584830931
940774273
846089109
873223544
717685602
124591391
976759012
278770565
398301090
828475993
709423193
961950789
313851393
118199592
19171810
434061994
202061815
179026940
557258031
86468026
513310321
457148334
386287611
646593166
687498290
298660208
394485179
711477464
655535527
901213622
510418792
689679021
473087235
245929848
457984339
125016991
82872822
240622471
229267972
45413538
77580199
287254029
13470145
315336491
624436240
584182849
121118933
222034812
790047684
597003153
880695452
268325136
466576567
267395329
921005482
466943382
483093484
344499125
90695161
938295137
617910277
972060904
712441549
511809846
251286967
499023402
831180083
981357007
540620926
907981464
169244476
578770263
155152284
901559050
824402661
81414260
445555688
422707624
139286747
940136898
514460658
180762160
943267379
342700700
666564096
490349473
17307689
712694361
355719634
549724724
489163123
517126066
979278736
245419087
83282371
239593234
382601984
947539738
924511847
409188799
36142000
401190653
21956663
636438528
269706110
908574683
942241413
563279198
766362076
303134250
578425115
775243480
809677283
843036414
562575868
80080243
286676360
913927232
196002302
716528819
218094690
913893083
550240624
659760398
722463918
239266740
443556315
636450104
54137652
882501521
864402060
949852561
287175545
215865430
528093455
408336816
884639828
687792010
692031670
435919243
6731043
839055442
665650559
89497712
186674883
144587455
850096086
328637809
208507637
796973267
991020377
274854479
857831760
889962058
626747426
143158912
761995265
68018325
443248500
801197377
938132001
664136807
165920063
814631025
886806418
141481902
276172943
740132221
227487179
392802000
844150263
128360495
69608217
720727865
967500430
501618924
512788939
554344890
745124879
241441763
913736907
785449289
523124008
617894218
998714672
6897191
716181015
585330243
670675193
958788122
114147326
49358353
331918456
559146977
126248158
216779383
324646251
989742645
180567822
915364909
844564790
455379415
740455735
988688341
972896286
328429309
343092686
67096190
940141019
147672025
503423071
317206667
127907907
7862064
880601532
151738576
393120699
413475688
355944561
922383738
896267414
65988992
746498786
69049648
299022705
199294631
233028972
522704083
432738581
831863663
785899087
124918329
448155663
740456531
572953865
303695610
885541106
47476802
816813115
547278157
533238731
676806114
2644525
787890017
141397085
489513092
736235341
223320110
844966687
398862572
440913971
705410464
928993413
863795511
538159344
742324652
495407053
530610562
830578710
150348121
25043670
209697244
851885882
602064281
661070392
492657968
330867002
301619287
115601116
275211247
180377087
364967981
384360210
733574018
411594525
403046740
741410115
806614232
582946581
785576635
916788402
794999759
628364538
588160908
923974152
706066342
646726310
991297980
812036932
685745975
688679840
82250836
342685737
65778714
226952014
39212459
720498493
540346873
727380460
437476222
95153900
723916148
431873534
455113100
86330356
80462862
354205270
489865895
553830154
111649091
867940403
441154846
79769908
726388638
767453118
959598286
915888992
311551947
728949609
478959149
345979868
142936618
807562521
459242364
148151307
440428698
272625067
894945837
894102767
830646592
611290710
779581361
326066691
357254860
923627336
593468032
202499483
820974550
258024516
966753938
656651365
447297257
977445123
161609219
818541934
476187001
615632212
815641692
267150061
560619024
841240747
597837143
626336089
613897350
583016292
699739742
198321683
445044394
215327873
561395089
508806811
946422664
920509245
180202030
167051465
101201739
769484444
532594958
913271977
102827767
840011255
858419314
260018645
496951204
380951585
202618062
377944913
583071291
481638460
599905237
482765758
702697485
324258341
134497117
477789676
84196396
324947725
31680203
47445840
919388114
755199544
926056615
386353247
604549312
387797832
346031857
113407459
816262312
580229415
435023422
824096364
830425374
263973705
587271648
129686210
209422673
597592780
431554588
843985159
769635145
398194381
290298291
258597022
95086807
643995208
862939894
45590381
37565078
172250685
475608183
827334539
986434205
49553725
93938502
140622049
364891940
275957198
598843620
183557581
226859249
639106055
921673065
593249844
223325782
476419896
326538106
605466089
517441219
34590383
380939201
404980420
650868219
336702534
241485607
737977926
223133296
845576853
599239405
389044751
641666424
868285540
364394645
63911748
692066724
258681587
932518192
509386115
697737248
89613696
975790396
377890863
36888501
474514965
726805282
398721902
901866985
788218959
943919472
764452456
403687918
899048336
801982561
154405609
556731646
677862214
460083396
623829312
785780126
937100629
436889958
680309332
603221738
568175725
141493587
694584890
233577552
892275618
289470145
475448716
671052967
754658854
293265585
424899101
310792011
870285120
47409132
280181493
980218343
992082124
408776164
617391639
824462834
329462407
56913761
281615905
852066456
215600860
115863348
407662889
256364529
188136264
294677166
413133103
952760742
159234009
251426567
625538404
127695177
686444619
330749578
216115935
882533874
118618465
143718022
198952
914614334
165820087
798857932
841959307
423676563
623941716
399048018
983413559
454067600
903921280
159027067
12963126
478346625
478787644
617874376
10004083
445336855
608704722
579844482
181346162
801903008
24815167
765559972
307648150
952973651
425123402
729411368
720449042
926300141
151932549
162994818
787426799
528264193
163880506
484390470
371175703
170010668
52160553
560013957
132560144
651142344
228320440
22624166
41339608
505899315
784153311
826931008
851514931
230057471
71085224
535446308
890911791
72551579
436716094
655455723
273411766
487065654
689033546
927976388
553812037
853595568
170034952
315886194
305685402
282054792
40624800
898117457
224647056
65847962
877722355
439870250
527371312
447822651
9036752
957637952
483705990
371454506
514899340
174199747
518880721
565690601
206018300
772266731
370843511
43852996
599219433
621491781
296457424
119917802
495890844
392412897
650767112
34393639
894234272
517905083
807874645
188442695
418470227
524753612
35683791
31433456
456456303
374446680
783089885
456822246
520512602
450176732
424232370
687163667
487241945
15460928
959551589
863244694
791391499
76766068
830520329
186853161
615452129
141620130
558772148
746835356
633853219
403533233
394020597
513358189
993323598
247860289
351381648
742401269
406684760
335597037
865709553
677970672
13203126
477847601
492265690
118774095
113992310
92422125
790414827
120617779
475318437
652015366
571302756
551785862
938966660
534575419
180753748
325178949
67770462
188408984
543669988
634211686
750186707
662358687
333740816
379867310
796806534
788028581
234726353
3049284
29107409
114218249
852449531
391811379
436936793
124783278
440144302
125988020
91935555
232407643
984423207
404176231
289388662
473413434
454198064
730797003
672232072
576316485
449125182
143386592
137923466
33815662
328524979
42579621
486201944
338304057
449974810
958464952
959001166
489239311
704297754
634965405
893988251
650738335
193804469
234522108
445397888
162471699
704103513
276091362
714704510
80994309
950751679
804366359
590496571
241177537
344386461
35523393
430348021
136822634
965324614
706797477
127688721
413604987
680022508
61413914
482725977
802800629
157980847
306437685
466045321
133244743
601212832
105591967
51376656
292763019
529787766
846082991
269871874
778499351
291061053
455922858
893382728
556168965
267905033
165802383
167111103
990908085
392865341
292444872
260820799
330604770
434850351
866063051
132965918
261341068
644646600
994196894
3865143
263220717
830852215
188263253
544048970
749305962
952939769
335947877
220968098
898707643
648721576
701061453
242692138
351339282
240447600
450841030
895724521
72817230
742462366
804132465
330382173
212154220
907795145
784497171
568347837
905259973
746792483
782292281
474401762
679660023
785726030
890703557
697057929
189654680
269501803
927517812
471165265
419585707
333531971
647115135
294638957
316001285
899216333
630260576
342420626
597566731
658663628
725164541
764675679
668632157
69572330
994817892
821855148
555134177
298968878
647844938
103595927
363645356
7923194
616842756
634321958
296568135
100924192
628651149
749668428
655968877
415114374
727910538
672751101
209510977
56904163
987496255
127132717
794461605
842489977
82377252
773166371
441872420
450666825
73109472
174444078
585654896
819348830
673332982
728717119
240798282
182989212
32328117
616524665
792448667
562170709
590505504
345333553
201024015
869047443
468346821
216676595
29052506
587527187
754366455
853782922
317249635
742702706
170549717
552918467
960688305
407676442
38289434
371389772
377835404
424998355
761993377
220496939
595336716
172729327
174281326
689682911
90826964
647099949
707187721
527679937
180804868
846662590
759297461
954208487
777910480
89761649
761875464
705593340
149298305
100807337
469408960
88626097
874094228
20066956
521006181
579024053
204236780
476202436
324303241
587148753
380068132
417646971
572548244
69736334
801777374
36625654
902305403
70122123
979613587
313866049
579316870
489799751
845636997
834823704
858977095
834659808
578466979
275629301
107117122
399696148
744193643
962691217
985921699
71636929
445075665
485769810
534618487
201518230
469719925
763360493
53304641
193199745
44669753
835627025
473007728
687105971
174219901
554404017
649839883
936079809
20185285
70384691
165221996
931831466
494083105
588962953
444395679
907003141
451827288
768032303
376852215
266564485
481198938
640812071
962306602
26293574
979007402
124945571
67731712
261850135
164519946
738823483
141834701
675791036
664391912
457010635
177640008
703316188
544833909
337537228
446319456
857704372
853156107
69823218
597841656
808045844
803519439
737394777
766344772
258223741
186465819
262384231
680698442
621824934
170928796
702414590
223538638
979990908
579506499
96404273
970586735
570703318
811638699
712039961
115307278
422758841
359382900
848539822
919091412
872145926
30038692
846911438
536917095
631254095
970488428
816921511
970241063
221168432
20049313
615134845
596016043
606995956
429681020
15468742
918298778
383200847
580570729
606849537
588765815
943278140
653166265
575367780
442845560
556579747
867372408
546509915
374817618
183075751
944520470
970927516
311554313
542643830
274569932
289545965
496113290
457882776
258274098
994526479
528936585
10847701
448868278
161774254
5950854
926357923
834934395
625878035
670823445
99935807
215863642
157302228
362636865
130884016
662202591
728091060
599375228
625965908
854290322
167057605
992599063
582139924
394549764
231576427
384414098
984115491
366525614
819493162
546966640
362104711
104796220
381579250
941840667
189475861
930124468
787739356
177264889
100897453
97953214
221415712
834541166
91715942
182778551
309378372
81339643
233631770
673602384
749972752
225692903
233512918
251493
833446053
645072092
95315816
687127066
3332991
201452749
138138481
376973103
44339464
37226459
998091085
922380780
625977063
423874688
293408668
490300237
790399044
624244066
37503667
74137698
920217660
677632216
153244611
55464739
349367474
981869167
777518666
712310024
887026622
404079572
233449054
59072243
512282781
520357042
560825890
673146748
924205109
469094148
507970515
199804773
650164780
715830995
538171955
586736605
471668287
19762383
795769049
900019453
283987251
559720819
361841549
560872975
356808553
613224298
171328281
289865872
197530493
289417632
924452346
916979607
389139085
388848210
226548444
59342819
494447816
902577175
926567912
938711629
496719195
808703272
649337147
612309837
179993570
28812018
350637163
314570595
968409578
166463215
605300342
196039969
348944569
464488908
607846745
232316518
954657937
397770667
302404846
757110740
485380880
810857270
759520331
706726999
154630958
928124395
596770897
873666407
370198225
388127315
209127158
749227926
853718763
534509753
825676514
827574690
367782742
917939932
658739348
2716892
551773909
152269573
797971190
58934341
591255815
561106810
200679401
253114464
586460307
223449114
674950735
984854763
170501865
756586271
597681203
164568419
61890375
419351741
440378405
465050814
216098366
78697477
791520260
165308385
654709859
226775219
173128066
899722133
824274677
859766242
552974059
407716165
616429228
267816799
326604146
501369278
485907723
325342662
190516425
292151988
848635287
673962771
644619042
940953632
811616427
552245008
685196847
108284654
828497224
692132779
83512735
662535495
714497507
566855877
523940074
791828549
209973467
410841598
416826809
536989466
899256222
28846456
562061497
119713270
844217851
219487927
630981146
597936673
821487255
797634432
882449874
994645910
643618775
654150999
517478580
402179418
420260843
893017145
545704529
217240581
167329269
606966317
721837238
869677704
141506657
391669878
90364
415845382
985670244
560790040
272114094
108835323
930641831
397078502
622960242
715528465
805176722
479295143
57579976
373038383
622853719
935765952
510737678
164667660
480406785
675043348
148535357
773725751
583506849
349016734
963295920
877106421
240797995
861624509
325491537
420674358
143102496
857921827
586631285
640804060
73851928
244654944
582234236
410022873
779211178
17951422
797271733
916621089
104834992
431561013
398747925
698455561
29346879
218059508
533643894
729167050
81732617
153139852
856163055
51205329
615710042
348727365
505889503
223613651
91843011
597295650
273939152
578354784
712575911
829304998
164980622
991152758
716638054
786890797
286514635
55528575
387156526
219798418
493210031
607697468
878349984
531174736
922071285
487752844
566368276
903899540
651722316
696613174
845918121
66763511
216930085
243682787
627177898
708007001
894366949
409055252
638826493
512013920
390590986
860230279
636668473
908464160
785772340
919940725
415202526
806512296
190194513
200302207
922250656
918386590
908368660
688534322
137817368
803755793
725523831
889762451
7263023
628898300
134758919
530648555
645664241
838722226
362301344
288993576
29402749
452604266
658987912
846317408
696046769
521346271
757824621
11520877
737289875
207343528
101112534
428794474
175337322
42394070
242798747
473484396
773608446
641053617
450819879
85392411
45525397
990984369
938777794
93947488
553459780
561252664
782646752
267804165
761824262
875346514
164149497
918031220
656983532
710843935
432436163
863328599
232524279
841574511
620802550
258010573
561967042
983882848
80449992
803845783
778674962
534049556
838907447
439344419
499132806
316619848
974892391
799680996
188125828
343234132
219564333
500913817
588556277
89401700
192709294
745558597
694360458
576170833
92459658
416916680
781909614
179096546
991935581
786337096
943308673
4371758
480638898
23231201
259055457
820180553
411986642
730136182
769256075
692149129
877931883
631788953
568255494
57451724
444919291
268361286
613036026
603378656
611219346
326013958
325551314
552930651
958150085
917013534
98187918
260697123
435671995
170149748
758091892
75855383
645787923
520503526
565888384
923208025
180706058
172374929
335476176
135754618
178724682
629017738
129208483
628340496
486794478
32400337
313271889
392835355
823338509
139572532
254882263
697594361
244132094
810886442
591538906
973161502
605091704
693818960
558217279
982433404
700775631
593205757
996867708
575999045
466847426
685092788
530755027
759036434
971585640
697933692
559214784
164416438
841466466
646387971
677335935
167671391
575540399
709515294
64146515
94390171
928516715
182614131
658526649
590734007
479055408
913142898
937789310
118984643
366721514
506510591
401718624
886819333
50918819
661383528
417987700
827498067
614453212
384921754
172888761
324808246
169718389
403185179
677137767
233467258
623286548
904317871
759797127
115733574
939809482
168228214
577127553
717378975
488243905
824335789
855614431
101919645
601944677
880265294
424021010
770305481
846118105
43226797
942430107
100792383
34971955
642730800
474107070
38915459
105717992
991789687
524905739
528720306
90699999
171825506
7770380
705797807
932303105
995825683
321436515
470155491
314103608
607697546
813837700
930679974
598669090
364636051
505615478
815811723
845837862
138938698
987415282
455547788
564015844
268345392
256609454
755938569
782868612
726553446
814746978
986294299
817511900
42897939
763982799
782421767
693675715
34558643
935165741
780971882
173382181
814085875
424301025
593048676
141336881
904926012
188098269
394362294
577468202
314125281
905651191
687139492
632485420
837717074
402493411
855336516
787011535
872750269
47382389
886434383
191807593
90811626
438280295
984984022
976294680
639959585
384491466
304224908
467962640
952117702
372763453
350003756
952899517
22858237
826763872
635329153
526406056
73568163
282166474
886434767
391752532
468516405
982245785
811156334
567072760
465397550
54761093
988313991
644452486
597914867
830428164
367599722
975008282
494417591
195334067
924092497
967642858
973390303
684019293
752466759
332465039
265959204
861472646
710009659
174270985
667493019
876607725
593308623
777491093
184922970
920344866
316523966
856000435
805101861
793816489
546923778
53142773
949089021
47957566
511017648
632622754
484594373
571833062
333701809
962665592
943233040
223048167
203918771
951988839
987068294
950783259
569804201
32976691
629447885
611532592
3680676
37195911
378409808
2111555
8971093
894955837
331067370
997877416
621428573
471587983
646203046
899701134
559262258
578549093
29904834
408337950
20024224
188457047
881098501
977937994
115584237
894332011
238734384
521553868
76885913
297954516
599465857
404081971
139895267
7405389
723639616
930163552
578528641
514154549
562661829
160716938
626466259
886677782
722126613
833854947
400079448
685117275
33111963
900797451
654558455
228546473
826944974
964316021
956570811
70274620
917033432
647638920
129188250
294315527
15452121
67650716
658796918
792961843
318797954
102978217
38925586
41905740
885048075
422328380
475170756
943741975
83527599
751956888
388692695
413305070
369301579
877947200
63956847
414784032
252522411
451278004
687908931
37345557
555468160
375661022
396463486
631612814
20821874
236727536
103950658
204423542
592680232
783063722
550894758
567907068
993707543
299227287
602775310
227613406
974021354
776467205
344215262
488886871
449864681
860839663
446613961
962897967
142368023
328706067
543438944
37829329
843984774
969864598
485903319
379563981
520442708
613723449
238129776
375619068
193946197
464058194
11470097
472008640
743764786
755602649
128724111
33953448
390650561
710139444
212301814
455744370
171015055
332871678
321108303
385745914
659064132
3680334
26311677
831487198
484358991
473521308
817745733
334691397
373504483
356131199
550387294
353502800
867169537
597397253
332821256
579530839
364466424
714355866
561326154
517829523
745242327
465366697
821379903
563128128
338856225
163527119
119002464
982623760
427059528
445754536
473914991
649793715
918388850
631956900
184915723
410492523
998569610
888770916
505983665
700274676
541798457
146687145
886033935
580976703
358049998
801316496
697565375
493586906
194090750
147579336
399951009
930940539
408932113
869146971
202803464
943095359
908664371
520134687
565698438
900524099
667426033
822778686
579466997
521924335
468262724
109590449
383671517
804690483
414858342
756451537
282266168
338456228
787418863
809049051
87100595
204058376
248249211
371253615
559377517
294198040
99100405
49783771
907073083
139512997
260721936
450374405
145182473
174022218
437737596
703411012
439835198
129629110
592557978
811758605
211216614
887537088
766814469
217064381
347579760
557924192
440927611
256485469
768678467
125933900
493599604
120350456
169203566
742025323
597505353
409871894
487905288
248027092
662823289
204233203
854125966
495820257
429064494
410902575
565971464
101716284
448522114
460227234
170249829
539048633
854564365
525758509
461724741
944968134
264243555
26363814
485846481
864166686
896893404
928491870
56884999
778561891
150719961
487422831
229254650
190661363
749958113
395050566
462570513
266233675
134593656
279618092
447825787
592816497
734295321
163794672
116671972
411117067
180974704
969134635
329810124
613517539
537753509
44102867
983302997
761282950
442621737
752509833
160134752
819769724
968738383
146498284
574152019
213911070
348697001
792097447
905972273
699030342
218752040
103255949
843359471
37836279
830920631
5028544
926280207
696788912
14901709
946159267
38546281
922627499
648275627
221681498
177014947
676794807
70396870
477451734
66087109
846424157
771432679
359272769
627313516
636554466
709784848
979615706
920110455
101658735
968568807
466827729
941342502
280200568
905016415
83329538
319287661
957939266
23912023
379037739
556548119
590100136
876812013
184806177
940903284
627216456
39104358
608999449
287160459
525541481
868450122
430808627
281373107
316152140
492531610
312404672
182556462
576617169
892825418
444690649
182213411
687507543
271477621
565405298
69419042
429017784
660197008
774918840
335529911
848703379
445266359
819229389
895071664
425616223
561515661
791560046
871999401
128634238
2892471
752138701
869021774
739868433
503512429
472914065
546569673
215544207
654291072
233804366
630715347
972542542
101443079
930047999
52159202
206687544
77516075
937555835
840155704
190970832
513006850
603458690
57092699
420358771
583137966
872548513
909345931
132732111
4559638
95902248
926050340
347266993
270104766
69910255
372354357
569873925
907002917
987096379
758721841
186205212
362129973
468352536
249369263
512791653
293016495
921113177
489167074
48798558
232734171
280569409
326608350
771380083
853943361
921710918
439234669
809132723
17217216
158627100
533451671
122813122
807101636
605813275
691060034
12275567
29433090
794198803
358831393
248708509
308706348
463072257
300421790
673965030
164403305
157829480
223825277
398526043
398136311
572251839
105586407
305323068
545250222
924368836
236000205
493001409
686108705
72720504
525334538
580993651
938890786
530987629
597467748
813217917
880384292
789112249
864743481
729648308
893194844
221593742
536978626
65308757
376953981
762338877
354765789
402539697
291892865
549175681
618513180
366370969
878589593
669495303
966378171
135658425
466280368
907741551
171497993
505787459
485624472
327766662
876361744
785471239
19657445
670660405
541691032
890001031
599476873
928126890
370539658
260700191
512082194
730059438
98102749
961313819
645486468
4857562
66783579
665445082
897661834
174347721
971202809
962733846
390969078
985284019
71017812
698129757
570345706
330516494
796839316
791508295
666369694
904615792
952391096
377183640
369765638
922136926
443049560
158866159
128020299
230557699
365468268
953311066
31768450
464217516
737594557
45176913
174100552
659548773
97463622
837838385
886539459
504262814
107354214
847199113
66548602
116274262
758537940
949932810
713314893
429707176
317494965
382370377
638588104
880504213
120052466
127458450
610784346
337123704
204280545
231058508
331167450
719206453
69725984
837241937
471542201
144726536
409528005
364832862
662840121
970082002
455032421
477988895
326520029
256816043
723812330
593541565
830415882
526458027
565318493
927850353
523231634
83773854
114650555
311366432
933553631
534984430
648836551
775216835
764610631
950542702
508656797
835277903
303759264
703372088
876638228
21499699
447904751
696702912
322519507
711148961
611371232
214737945
89212426
362020547
882838341
690954410
301881035
14153511
771834443
632068561
635516984
298382814
55987311
388558834
247845968
180847151
802641434
726790495
289169872
533680056
692399624
311897094
404453508
410193156
949945683
450817859
606651703
632095403
676328059
233816031
767048204
524323973
535976068
574789597
798709633
587897520
870072090
946096316
896678121
801482493
996001015
552869811
101240785
24476886
445587714
697665018
533634821
353316495
41660204
927844505
135229909
785195684
247103278
384819621
595320562
225686237
852885497
35942509
741449404
806475682
506091107
977563966
201712348
724410575
863230113
364562122
972860736
336763912
193425179
336200893
262141883
333332524
247716922
557331198
947182459
480174390
5783481
947515692
539871420
16066958
358008934
876723438
100474593
654057298
13539222
995488437
750823224
454728616
790349732
450098106
374692793
725737801
558945003
82083721
688903028
519450684
809329981
928877670
705874993
243595048
917008189
165240242
589036741
310517243
299619386
45502844
357354730
348044833
569578713
625066473
661066641
485435438
969873134
903148880
476611243
145945026
977915744
21147745
58224199
426731255
430946798
723353171
622536787
709714191
441587372
920055424
703734061
291069799
306539368
734688902
823781892
546918186
543641185
359210618
600530696
53675777
73590903
73963090
645399672
705209621
322426181
398688308
346057051
570696679
926982605
969002728
246175440
537293349
487302531
840434064
901365067
212069883
498587048
29749584
212003453
853694657
347392759
249124070
73423467
338587130
849630658
804053422
383774169
841111941
556505855
126543297
742522156
383687059
927307200
179588415
142490668
949378520
587167283
21934912
220229134
669834019
334736149
769380900
891202045
724838057
738550871
496296975
615397898
7658627
672554296
839515837
665050245
671745820
994874107
945641557
997553279
774331881
926422156
945719231
908181291
416055917
576698615
279446757
281128885
347517891
25172232
184063192
396794181
525316968
693807237
442337920
288716800
86041056
517181448
940501992
573378708
394795866
542323648
408778869
129564380
824625458
934535303
553799349
108696637
462805649
572252065
712324670
32745734
329761886
519444267
748118192
203103311
441534456
501970269
816528560
934259685
119284548
887492044
187932019
600380900
960395990
381584822
78884448
74189430
243927282
901420411
80603161
29940249
104046396
829279985
168889301
964902909
782987930
390539189
944229649
592733203
554773076
403328456
220381853
816676950
821250913
213746575
377261252
68708715
654708913
836362486
822902137
628796388
382597415
465359109
866897351
382442866
444538145
464281262
402200939
976904549
992719316
98963046
513132807
881957682
698291926
868119400
284058041
540056467
697852153
778092542
846435199
407664760
827306478
990931115
832024341
359464325
245407170
408191304
169728310
596944237
717184780
150767145
718034359
362241089
86463333
376688377
400871496
960519874
112957983
883810355
918725462
647468039
360741679
114809836
508697625
112354656
578701112
814078473
713901602
595218672
518055793
235313821
648493074
902145083
267285173
340748851
487763905
732396792
684293801
114583696
670085383
42171168
278567153
673491300
361661453
240286882
388178017
446693190
260528108
959498904
312854530
71771950
416156557
185343465
548224723
58715959
444152300
641039968
350627075
28774088
643372958
885272694
234616322
344227147
236098316
894866794
864444330
429183701
83923858
323274380
346213554
926482834
275983145
819651146
338234992
277071950
22354799
372686596
234213300
175062516
666008285
188916626
641143168
544402448
484886578
443887762
818809671
869723576
560671185
70341306
635476237
191122523
162651095
605236277
568029505
159522470
569904633
500880047
648704207
159886661
419650257
857565322
415555089
68146767
586609810
94434093
815817181
985068106
335061496
109504305
486661046
849486145
338909275
549576894
532504458
21739879
313387242
68134650
935150439
680394534
413231674
953391635
201221019
546520596
710156172
454662327
406582354
927646097
258542235
400707200
698106077
858119242
8304736
152297520
986376525
96438209
130896603
847471815
118363445
351962832
982639504
56509827
81840288
775920371
569627574
207452090
810432856
348305436
613683907
317235458
119782904
839849119
83077515
799149578
293410462
179658991
853139524
528318269
969738856
40891526
106755130
339152838
600762177
237930610
404777957
279259877
769502781
474384424
954467870
10593776
81763533
6446451
314449657
791030952
647429575
518390309
551405301
932620997
217945945
816025560
732246729
44556380
324923501
666820062
253521423
360681465
261485105
885465874
66135317
307354343
673587358
394705570
172913832
283251039
387694064
85007206
268136763
49408558
19283444
600468266
955730478
108339345
77176728
334195433
259974694
119430900
938021822
288917306
76538723
369778028
768049931
890217345
32896501
226171799
424478851
463110945
587174668
24352991
624402538
407683325
253380439
15823532
516081004
227793663
566328694
733546688
345261136
767021615
988256648
579130669
983244060
440368831
527902969
516257673
583957113
692619984
154258638
634630628
115049596
261260821
954133568
765179810
784866764
525749625
738762940
925370053
732048944
687163214
268106394
85682090
927755383
846922498
853836171
815683872
751750652
