44.0944881890
79.1666666667
57.6923076923
37.1794871795
44.0476190476
37.5000000000
68.7500000000
30.0000000000
52.9032258065
25.8064516129
54.7297297297
4.0000000000
64.3835616438
46.1538461538
70.4918032787
63.4920634921
46.1538461538
42.7419354839
42.1875000000
34.7222222222
17.6470588235
34.7826086957
42.8571428571
69.7183098592
16.6666666667
78.1818181818
12.2641509434
80.0000000000
22.0183486239
35.8490566038
3.1250000000
49.2957746479
52.0231213873
31.3043478261
50.9803921569
72.7272727273
42.8571428571
56.5656565657
32.5925925926
54.4217687075
44.1176470588
22.6415094340
94.1747572816
84.7826086957
21.4285714286
31.9444444444
76.0869565217
72.7272727273
8.2352941176
50.6849315068
44.5161290323
65.0000000000
25.6097560976
82.9268292683
38.9261744966
66.6666666667
36.7816091954
45.9770114943
16.2162162162
51.1363636364
57.2463768116
91.3978494624
40.5172413793
65.4761904762
40.5172413793
76.1194029851
9.6774193548
68.2926829268
38.8059701493
44.7058823529
53.2258064516
6.6037735849
75.7281553398
12.5000000000
59.8484848485
51.0526315789
65.8730158730
32.4324324324
67.1328671329
33.3333333333
63.4615384615
49.2307692308
64.8351648352
27.2727272727
49.4117647059
66.1016949153
33.8028169014
43.3628318584
71.3235294118
56.0000000000
14.2857142857
90.6976744186
48.0263157895
59.3406593407
95.5555555556
61.9402985075
24.8062015504
76.5625000000
34.2342342342
30.4347826087
