44.0948365052
79.1680025675
57.6918467699
37.1794871795
44.0471807339
37.5007478895
68.7492421734
29.9997788454
52.9032575441
25.8064350224
54.7291475491
4.0000293194
64.3834698991
46.1538461538
70.4929752947
63.4920634921
46.1538992852
42.7425865341
42.1878471764
34.7223230353
17.6470965989
34.7830155952
42.8569167446
69.7185774782
16.6667733058
78.1807211614
12.2643985118
80.0004768386
22.0183486239
35.8491799848
3.1250384548
49.2960597450
52.0228363685
31.3045179604
50.9798280611
72.7262440464
42.8571996850
56.5657081415
32.5931200734
54.4225942652
44.1173295737
22.6419739873
94.1758924075
84.7826473452
21.4287836948
31.9443615197
76.0868629484
72.7268007753
8.2353198367
50.6853174484
44.5161290323
64.9994461215
25.6099352802
82.9261658900
38.9259778852
66.6667642693
36.7816344773
45.9770114943
16.2164746693
51.1369217179
57.2463958443
91.3969675747
40.5168530427
65.4761844913
40.5168530427
76.1203297167
9.6775162737
68.2921366129
38.8057838287
44.7058823529
53.2249875139
6.6038435183
75.7276291561
12.4998722764
59.8479131480
51.0531238158
65.8728735812
32.4326157291
67.1326757715
33.3335717528
63.4618487097
49.2308913902
64.8355378393
27.2726917483
49.4113810976
66.1017211851
33.8025144434
43.3632654755
71.3235294118
56.0001240055
14.2855473937
90.6987455219
48.0271444892
59.3400921038
95.5562577570
61.9402985075
24.8061124553
76.5625000000
34.2339623778
30.4348233541
