14554831
68917109
23207486
14202889
69155489
2565476
19184291
60968882
72075857
6973928
83623844
23851260
56157664
17062491
49626518
77787582
98268887
2812302
40467891
41972018
22238485
15115613
14972106
61616314
95557909
56044824
82166397
9359390
8995744
16057137
74279482
51687591
99915502
74793138
56970335
79377463
3024936
65768676
73467024
89216953
94869131
4736377
71858829
316887
87614661
3234230
69860559
31479518
15493488
25633864
50518185
16518502
78788835
5284823
63616961
61110284
3424065
21463283
58867198
80463014
90725822
14270890
10904657
29275050
81528886
45860009
10232857
63646221
4319483
5898364
42412597
84038647
72112544
65042468
13821268
28400683
1582920
50059575
35888559
16059714
3002424
74148807
7395128
33046346
77245955
8378142
95517242
10967675
62059075
31807385
94422886
47288341
64955391
86602629
4736361
85101942
74473578
78375892
66492386
18454120
