14554831
68917109
23207486
14202889
69155489
2565476
19184291
60968882
72075857
6973928
83623844
23851260
56157664
17062491
49626518
77787582
98268887
2812302
40467891
41972018
22238485
15115613
14972106
61616314
95557909
56044824
82166397
9359390
8995744
16057137
74279482
51687591
99915502
74793138
56970335
79377463
3024936
65768676
73467024
89216953
94869131
4736377
71858829
316887
87614661
3234230
69860559
31479518
15493488
25633864
50518185
16518502
78788835
5284823
63616961
61110284
3424065
21463283
58867198
80463014
90725822
14270890
10904657
29275050
81528886
45860009
10232857
63646221
4319483
5898364
42412597
84038647
72112544
65042468
13821268
28400683
1582920
50059575
35888559
16059714
3002424
74148807
7395128
33046346
77245955
8378142
95517242
10967675
62059075
31807385
94422886
47288341
64955391
86602629
4736361
85101942
74473578
78375892
66492386
18454120
66229856
23132948
62591146
92153200
30875448
22112076
77619797
59065602
4500687
1967463
9521763
43847196
76933449
52361298
37263602
31240967
20501135
9211046
33368266
48226849
34859933
99196253
36570653
10339330
86349890
65777254
1840085
57267812
97273957
94398312
25388511
51481273
44171482
74821599
21861624
45357580
89935430
48078116
87941450
65095101
95414382
43646008
23492718
32314446
96507148
19608187
6635279
45117352
77808741
2623760
59406974
74515895
44907108
24135415
29632567
49292811
52065864
15612141
88194190
52464588
92854370
70522228
19784841
94734072
45435678
43712527
35429892
15198598
54547729
7515472
73469882
43594509
21692408
28966036
22040832
28173779
80660448
6125668
48255918
72440610
59242710
69931983
57024019
41030792
74008596
31953165
37817130
57276506
87517832
78569172
67104458
89972574
99785681
56314700
71065725
85962148
78699771
95861741
17655195
34694707
87029389
95939445
8249811
87486478
73054498
24166444
41031556
60512339
36793616
76947714
30384165
47392820
72159270
84048140
12901566
18935287
34104801
81088350
48306991
83499403
76407203
3950431
3028656
33771289
54834999
4602576
88461308
38971988
45295551
32529663
16396605
142660
83297615
30378860
55666943
87944022
41136160
5976084
52631425
23804501
96254581
9952922
67314234
35736551
65394965
59069312
39145892
25757767
96208846
76787096
11881465
14996026
12758615
71071840
15291758
13870139
4290798
28737123
20864831
55803591
63783583
9620018
35780379
26436476
12193522
66770633
24221225
49676821
95450257
10199178
50905650
95338799
37066147
56711707
95975230
70656970
63165416
27608066
10281035
52517410
77621322
98302338
14994030
44718337
24680191
28289995
7123098
83502599
6085817
35767053
65251276
71747796
44890257
84991952
30061104
2090285
30067223
75973610
34330930
51361875
84540988
82519382
75591981
52891344
8585251
84657580
1597923
14112412
56213706
10292573
69146137
27506907
50452422
78060327
91914857
45984575
61128482
63116475
31241510
50670627
157054
90644715
41555767
80630965
43539281
43735676
17501055
5099161
4401961
40330323
3945603
70350276
13693399
78938228
91130475
923547
46619576
11287251
20871136
69241993
46730579
38223433
75929071
87154764
42653349
16015455
41893167
40460779
5634333
50674893
46556994
7525407
15021962
85908662
45532527
5036315
7097890
62439048
39435063
25305882
16800629
72723953
3452776
15418448
67223991
2979175
10862328
5170701
44479075
59724631
36958701
57389060
67069936
46668207
72080370
76569081
15828288
14698751
38727924
63175408
7607207
41650000
44222173
42633330
89932758
25283034
2804941
86415610
20392140
75099007
90063876
35560975
82756847
91382298
37012067
35057697
98131796
65080242
28831490
28982475
94408076
81159746
2838220
10931214
50953815
29878095
89953037
87733350
1774036
96901737
99396379
27932423
90144957
60980693
39071486
99532719
53350028
82653329
58606480
75067307
6292011
48795098
85290196
12122323
61225773
37940049
58282418
3751412
73482061
16913851
42584179
88952435
63725786
61275082
30591010
18174011
75331708
66538213
85993469
8384071
29776662
89682097
5985343
40247032
99861551
80932696
80332402
39390041
14591185
47400312
81201888
91254902
97266468
49440734
16444996
28147562
12127125
2181491
34536208
11436887
18852813
46789939
16032976
83908133
57587446
59455988
81315657
45213194
24796054
60395045
41444463
51804490
35250572
70336837
27276866
30483588
34450671
167428
900339
29500511
18996235
58614941
53391912
63694534
21967852
40131736
35888793
75346557
69734931
79807570
80402358
24669004
41516168
37688168
73840205
78119088
44468648
33184066
59709284
65020724
23509552
43674449
37161071
76976876
47559313
13404435
51116270
49931908
45418433
67690344
80576879
42238354
27867266
91264095
66343341
36978412
98255592
33594921
48039686
1992745
63196193
63738791
54114909
79919361
57531287
36511810
51389062
33243344
44241572
48902814
73716246
59449352
53078465
30969023
27302082
78597439
62011549
43796727
33590317
31251279
2385824
54365953
75681742
44970960
44540730
60246533
22382783
5323612
1666366
36130942
43629225
76703891
75708417
2651537
75285733
86924003
23511340
94582763
59704746
38027904
57158168
37695459
36058093
15915291
64792534
19932680
2303045
57065669
52045533
51596984
6071679
5594584
52705501
10648328
26910299
75731370
74303012
41961725
66598455
45424182
65117087
52749794
33088741
75244000
87055466
45270952
78894165
62987439
2302301
23269793
11504263
45216161
49624471
46516986
55553973
57051673
90692327
86181818
35129497
58080851
41211811
4044145
7124856
84941479
67604618
62566659
66278764
17851481
68656952
75331753
55103589
90873687
35374214
26232014
7800813
81266960
18726720
15161677
9332784
16892140
73923867
75481292
77199928
86932869
92524384
43260819
29668489
89034436
46648269
89720398
70362646
70454188
44615004
62949859
70010860
36663481
42424671
98603938
82525924
22585959
8860200
65760474
94169192
69707095
2250378
82597057
97606634
63054545
66992818
87823895
85605615
45102486
59554244
71486788
17320679
30403107
58951861
59206006
46677318
5155473
48359849
91320160
50141180
14788203
24967759
95879342
31756970
53195235
38082175
42728818
518948
47248277
46054372
98082220
38881691
31983508
54962122
49394924
30141035
1930461
82360279
17075303
32127784
49792459
18335386
49286944
85666906
5618709
61480262
8844073
13031451
40066649
48098110
49158597
40567224
90916339
8510127
70879115
80703195
2583948
43281716
2602168
26279535
52386106
28161241
27428685
6248568
5395950
62240116
93845057
66928815
57522435
88606613
30994841
9327927
9545818
36335962
32643883
24065564
7977051
28752927
99252267
19750338
4209871
51449546
50340492
19290263
22058023
82779129
75906007
60270097
87297796
58967853
52628145
17828415
29322107
92685826
56004573
82717819
46069060
69985744
58507159
7153008
16823521
18224486
48600355
17988950
1459598
36029857
11955746
33689535
39007206
30717628
98212782
62772015
67028924
9670802
52077763
62739923
8760376
86065884
79170189
34118935
88750458
32092074
87705665
37893463
9855516
58742597
53973788
68494312
34344203
19015853
68228260
33364361
22982644
98088674
72415128
40778111
56001638
34124583
78772886
57364100
5881154
63392887
34805993
59487964
13576277
57822819
61746199
53243362
50273167
55074258
48476306
95733109
79802183
70968973
22296953
44488734
98980501
63156097
60593002
93362298
36685177
38568141
88804215
36084737
50384097
74414122
80461155
53109353
51396573
15879905
51728691
88325654
8614647
84319211
77840511
23485230
68608738
79375215
5136946
29195582
43284141
40346401
46206292
42830126
68044037
53550389
77945609
31942666
61095765
6935711
42898592
45783967
92381444
87136017
84419143
85544590
61256468
20520292
12261497
14197626
14415064
14519399
56946603
52331653
91632115
52436655
8500624
9500298
27065772
81603230
80172320
80781881
38645485
92176360
35244773
47361725
64149393
87657700
96342827
64526818
73237638
3405216
4807716
23768412
94377852
42908168
32263521
20887945
99144920
60602820
39066309
98848141
62775840
59262816
11804794
3438231
5330229
56991622
77127014
9707459
47827646
30734564
33560320
55001779
57309093
47387800
56480326
93061718
78147094
69983653
95013543
57962836
18097384
4955440
99331221
6015519
40088723
63358909
20723647
36290638
21684684
13168000
25675457
67079904
93564719
11223311
13355690
46542544
71693953
28601822
42953571
2174129
62056351
65614810
92637197
56598223
31744705
1861112
70339619
94930063
21293229
43672775
38835859
20347450
71638460
85851059
57974299
70292521
76399820
15295988
91514992
50202393
71607709
64210578
63696803
22624612
30114479
72955562
61818482
98378610
17910129
81442223
39895789
59180090
68768125
9350638
65586117
61262780
26461624
24456140
70750003
7684652
87448431
29778853
4157553
93679189
751787
80055340
90290237
35193807
43496309
61829609
12787427
12054914
42394223
73062284
92235889
87296745
14299346
47089462
42925709
3804096
33827630
96434649
55191504
90087644
11593113
18519600
68892740
96824602
40146433
83382886
57645528
34594207
38088449
71788637
68175251
4575771
72576787
36571838
64517368
90059657
18915164
74621389
86375962
53034194
15695992
